80	1.20
	0.000000	0.000000	0.000000
data/1gcq_r.pdb	9.282999	10.928500	35.584499
data/1gcq_l.pdb	16.298000	26.944000	34.086502
2.617994	0.080730	-2.622036	74	67	2	3356.03
2.094395	1.812176	0.656819	76	6	64	3221.54
-2.356194	0.203748	0.590255	65	9	78	3008.82
-2.094395	0.203748	0.590255	64	6	78	2995.40
0.000000	2.587733	0.232235	4	65	8	2975.45
2.879793	1.440580	2.260026	0	3	60	2958.10
-1.047198	1.554776	0.100351	72	0	64	2920.70
1.832596	1.977582	0.969896	75	11	67	2903.01
2.879793	1.599406	1.426070	63	3	71	2895.20
-1.570796	1.662363	0.915448	72	2	64	2879.56
0.000000	2.343981	-1.040456	10	71	13	2865.26
-2.094395	0.496451	0.593859	66	6	74	2853.53
-2.356194	1.554776	0.100351	79	3	62	2838.62
-1.047198	1.721184	-0.153948	72	4	64	2818.47
0.000000	1.301460	-0.509251	0	67	10	2798.07
1.308997	0.080730	-2.622036	73	67	5	2796.43
-1.308997	2.396274	-1.959260	71	6	64	2789.73
-0.523599	2.379497	0.561089	73	9	67	2749.68
-3.141593	0.914445	2.687814	74	63	3	2742.73
2.094395	2.108018	1.311430	75	77	63	2725.19
-1.308997	2.455966	-0.641220	66	73	66	2720.12
-2.879793	1.977582	0.969896	70	77	65	2717.05
-2.617994	2.001437	0.381215	75	76	63	2710.34
1.308997	2.138223	1.678323	75	2	63	2707.76
-2.879793	2.592629	0.909713	18	12	78	2700.24
1.832596	1.413430	2.550734	4	73	13	2695.29
1.047198	1.242974	-2.977882	1	69	9	2688.00
1.047198	1.134497	-1.109631	74	73	11	2677.98
-1.047198	2.455966	-0.641220	68	72	65	2677.32
-1.832596	1.301460	-0.509251	72	13	70	2661.80
2.356194	2.115563	0.685730	11	6	15	2659.34
2.356194	0.992645	-1.723759	1	12	65	2657.71
2.617994	1.809167	1.213774	64	5	69	2652.67
-2.094395	2.251330	-2.330739	72	10	66	2650.35
1.832596	1.982574	-1.115518	71	5	64	2649.39
1.832596	2.001437	0.381215	63	10	78	2646.62
0.523599	1.904882	-1.478089	0	2	62	2641.13
2.879793	0.080730	-2.622036	76	66	2	2641.11
-0.523599	2.295480	1.008277	76	8	65	2639.01
-1.308997	2.881233	-2.582574	76	4	61	2632.62
-2.356194	1.662363	0.915448	6	8	65	2625.90
-0.785398	2.295480	1.008277	76	9	66	2625.14
-3.141593	2.187132	-0.479875	18	0	79	2624.73
2.879793	1.214854	-1.966664	0	8	63	2623.76
-1.047198	1.696674	-1.253233	69	14	76	2623.44
1.570796	1.413430	2.550734	3	73	13	2623.24
-2.356194	0.496451	0.593859	65	8	75	2622.25
-2.879793	2.979456	-1.009304	5	67	10	2622.06
-2.356194	1.875281	0.107086	1	1	63	2620.05
2.356194	1.554776	0.100351	0	76	61	2618.21
0.261799	1.904882	-1.478089	0	2	62	2612.72
-1.308997	2.104282	-0.813972	64	74	68	2604.55
-2.879793	0.418037	1.360082	64	6	77	2602.72
-2.356194	2.180315	-1.357379	5	69	12	2600.92
-1.308997	1.014500	0.906702	8	73	11	2600.09
-2.094395	1.045978	0.343692	6	74	15	2591.32
-3.141593	1.555207	1.708892	65	9	3	2591.03
-3.141593	2.863997	0.549740	18	12	78	2588.56
-0.261799	1.335669	0.897240	73	74	65	2588.16
2.356194	1.242974	-2.977882	5	1	15	2586.77
0.000000	2.001437	0.381215	78	5	63	2582.99
0.000000	2.407836	1.410646	76	9	65	2579.89
2.617994	1.599406	1.426070	63	6	71	2578.84
-2.879793	1.433411	-1.035986	68	79	64	2578.11
2.617994	1.732874	-0.951685	1	6	63	2575.32
2.356194	1.135834	-1.431087	78	13	66	2574.20
2.617994	1.440580	2.260026	0	2	60	2562.53
-3.141593	0.866395	-2.492918	5	73	12	2554.47
-2.879793	1.809167	1.213774	68	78	66	2553.32
-1.047198	2.456751	-1.503343	73	4	63	2548.70
-0.785398	1.488617	1.159546	77	73	65	2546.67
-1.047198	2.251330	-2.330739	10	72	12	2545.36
0.261799	0.418037	1.360082	78	4	60	2545.31
2.356194	2.180315	-1.357379	0	3	62	2544.58
-1.308997	2.343981	-1.040456	66	74	66	2539.78
2.356194	0.910508	1.903534	79	66	7	2539.52
-3.141593	0.640596	-2.797608	3	66	6	2538.95
-0.523599	0.496451	0.593859	79	7	61	2537.87
2.356194	1.662363	0.915448	75	9	66	2537.52
-3.141593	2.404280	-0.174044	4	71	14	2537.08
-1.570796	1.510910	-0.740472	72	13	71	2535.93
-0.261799	1.658653	-2.409879	0	2	60	2535.01
1.308997	1.113094	-0.272241	65	6	65	2534.54
-1.047198	2.187132	-0.479875	74	2	62	2532.10
-0.785398	1.846342	-1.796954	3	3	62	2529.46
2.094395	0.866955	-0.931351	4	69	8	2529.42
2.356194	0.866955	-0.931351	6	69	8	2527.19
0.261799	1.756530	-2.105156	6	76	12	2524.96
0.785398	2.343981	-1.040456	1	5	63	2522.65
0.523599	1.168678	2.108595	4	65	6	2517.60
1.570796	2.295480	1.008277	79	15	70	2516.83
-0.261799	1.448123	-2.163292	1	79	61	2513.95
-1.570796	1.977582	0.969896	63	7	71	2512.44
-0.523599	2.404280	-0.174044	6	65	7	2510.24
1.308997	2.187132	-0.479875	67	72	68	2506.66
-3.141593	1.599406	1.426070	4	8	65	2504.79
-0.261799	2.295480	1.008277	75	8	65	2504.44
-2.356194	1.135813	-2.658866	78	2	60	2503.69
-0.785398	1.766067	2.153843	74	11	62	2503.49
-1.832596	1.662363	0.915448	72	3	64	2502.72
0.000000	2.393226	1.857173	70	6	64	2497.85
1.570796	1.599406	1.426070	66	2	63	2497.16
-0.785398	0.290380	-0.796960	65	9	78	2495.68
-1.308997	0.370812	-2.547742	75	67	9	2495.30
0.785398	1.846342	-1.796954	6	74	11	2494.29
1.570796	1.113094	-0.272241	65	4	65	2494.13
2.094395	2.881233	-2.582574	74	5	61	2492.65
-1.570796	1.948085	-2.363031	8	70	12	2489.05
1.832596	1.662363	0.915448	77	12	66	2487.73
-1.570796	1.809167	1.213774	73	0	63	2484.91
-3.141593	2.664082	-1.071402	72	7	63	2484.32
-1.570796	2.407836	1.410646	4	70	13	2482.60
-3.141593	1.741644	-2.695914	65	10	71	2480.92
-2.617994	2.760637	2.781135	9	70	12	2479.41
-2.617994	1.998705	2.370472	69	79	64	2476.17
2.094395	1.128190	-2.288622	78	1	60	2476.09
1.832596	1.812176	0.656819	77	9	65	2475.93
1.308997	1.128190	-2.288622	7	1	62	2474.59
0.261799	2.407836	1.410646	76	8	65	2474.46
-3.141593	1.488617	1.159546	63	1	69	2474.14
-2.356194	1.766067	2.153843	8	72	13	2472.45
0.000000	1.506530	1.988858	6	75	13	2471.74
-2.617994	1.977582	0.969896	67	77	67	2471.22
-2.094395	1.872854	1.543456	4	13	66	2471.17
-1.308997	2.579248	-2.364801	73	2	61	2468.96
2.879793	1.488617	1.159546	64	3	68	2466.64
-2.356194	1.982574	-1.115518	79	3	62	2466.44
1.308997	1.998705	2.370472	77	5	62	2466.02
-1.832596	2.089241	-0.114193	6	7	65	2465.46
0.523599	1.413347	-1.339188	9	79	14	2465.33
0.000000	1.128190	-2.288622	19	7	71	2464.26
-1.308997	1.050534	3.042579	13	0	12	2460.15
2.094395	1.872854	1.543456	6	69	11	2459.70
-2.879793	0.674054	1.013609	66	10	75	2459.04
-1.047198	1.440580	2.260026	73	9	61	2457.88
-2.356194	2.379497	0.561089	10	70	10	2454.36
2.617994	1.699788	2.452890	70	12	71	2453.68
0.000000	1.218453	2.777284	7	0	14	2452.97
-2.879793	1.982574	-1.115518	71	74	64	2451.47
2.094395	2.478122	2.609777	75	16	75	2451.43
-2.356194	1.683268	0.374177	78	0	62	2449.94
1.832596	1.113094	-0.272241	7	76	15	2449.65
-3.141593	2.108018	1.311430	78	75	63	2448.52
0.000000	0.496451	0.593859	19	6	75	2446.56
1.047198	1.301460	-0.509251	72	71	63	2445.05
-2.879793	0.640596	-2.797608	6	67	7	2443.85
1.570796	0.899350	-2.069907	78	11	62	2443.58
-1.308997	1.948085	-2.363031	11	71	11	2443.40
-0.785398	0.419640	2.974122	74	67	8	2442.69
0.000000	2.180315	-1.357379	12	73	12	2441.86
-1.570796	2.704512	1.488683	0	70	14	2441.51
-0.785398	1.440580	2.260026	72	9	61	2440.21
0.261799	2.001437	0.381215	77	6	63	2439.69
2.879793	2.456751	-1.503343	17	0	77	2433.89
1.570796	0.458961	-0.107937	76	70	11	2433.15
0.000000	1.391910	3.030322	4	79	14	2431.62
1.832596	1.699788	2.452890	12	69	5	2429.93
0.523599	0.619654	-2.216909	79	6	60	2429.32
-1.047198	1.756530	-2.105156	1	6	62	2429.02
-1.832596	1.948085	-2.363031	69	9	68	2428.93
-3.141593	2.343981	-1.040456	16	79	74	2428.83
-3.141593	1.812176	0.656819	72	0	63	2428.62
1.047198	2.863997	0.549740	65	3	69	2428.28
1.047198	2.138223	1.678323	75	9	65	2426.26
2.879793	2.187132	-0.479875	17	79	78	2426.17
1.047198	2.041297	-2.664597	2	9	60	2425.60
-3.141593	1.367556	0.358405	75	10	65	2425.20
2.879793	2.455966	-0.641220	0	74	63	2424.21
0.785398	2.001437	0.381215	72	6	63	2420.60
1.832596	0.458961	-0.107937	62	9	2	2420.39
-1.047198	1.683268	0.374177	74	0	63	2420.04
2.879793	1.977582	0.969896	64	2	67	2420.02
0.523599	2.180315	-1.357379	71	74	64	2419.72
0.261799	0.370812	-2.547742	66	4	64	2418.63
-2.879793	1.741644	-2.695914	64	8	70	2418.14
-0.523599	2.407836	1.410646	78	9	65	2417.75
-2.617994	2.089241	-0.114193	1	78	62	2417.57
-2.617994	2.138223	1.678323	75	74	64	2417.25
-2.356194	1.872854	1.543456	6	12	66	2416.78
-1.832596	1.977582	0.969896	63	10	74	2415.82
-0.261799	1.756530	-2.105156	2	3	62	2415.77
0.785398	0.864993	2.278281	0	3	59	2414.85
-2.356194	2.115563	0.685730	68	75	66	2411.75
-1.047198	2.881233	-2.582574	76	5	61	2410.10
0.523599	2.379497	0.561089	6	66	10	2409.70
-2.617994	2.984978	1.954446	77	5	61	2408.37
0.523599	1.982574	-1.115518	2	4	63	2408.22
-2.617994	1.683268	0.374177	73	78	62	2408.03
1.047198	2.349581	-2.702517	79	10	60	2407.75
-3.141593	1.440580	2.260026	0	4	60	2407.55
-1.832596	2.295480	1.008277	8	1	65	2407.13
1.047198	1.569311	-3.003978	0	4	16	2406.62
-2.356194	2.349581	-2.702517	74	11	65	2406.41
-1.832596	1.417623	-0.202254	73	10	67	2406.38
-3.141593	0.203748	0.590255	73	17	71	2403.20
1.570796	1.998705	2.370472	79	0	61	2400.93
0.523599	2.164094	-2.991358	69	68	71	2400.86
-2.617994	2.587733	0.232235	6	69	11	2400.35
2.617994	1.836682	-0.676006	79	6	63	2396.54
-2.879793	2.089241	-0.114193	0	78	62	2396.54
-0.261799	2.407836	1.410646	79	8	65	2395.85
-0.785398	2.719179	-1.780644	76	1	61	2394.77
-1.047198	2.180315	-1.357379	71	4	64	2394.60
-2.617994	1.875281	0.107086	78	79	62	2394.41
1.308997	1.417623	-0.202254	63	7	68	2393.61
-2.356194	0.906588	1.252948	9	72	11	2393.49
-1.570796	1.658653	-2.409879	11	69	9	2391.90
-3.141593	1.824694	1.850876	2	1	62	2391.31
-2.617994	0.700570	1.559208	7	76	14	2390.48
-2.094395	2.033014	2.977192	3	2	58	2390.48
2.617994	0.992645	-1.723759	0	11	65	2388.99
0.785398	2.592629	0.909713	5	64	7	2388.88
-0.523599	1.504028	0.636812	77	73	64	2388.37
-2.356194	0.419640	2.974122	79	2	59	2386.72
0.000000	1.904882	-1.478089	10	70	8	2386.21
0.261799	2.063651	-2.044600	70	70	5	2383.97
2.094395	1.662363	0.915448	76	9	65	2383.71
-1.832596	1.504028	0.636812	71	4	65	2382.18
-0.523599	2.719179	-1.780644	76	1	61	2380.79
0.000000	1.756530	-2.105156	3	4	62	2380.28
-0.261799	2.393226	1.857173	71	8	64	2379.64
-1.308997	2.187132	-0.479875	64	73	69	2379.13
-2.356194	1.977582	0.969896	66	75	67	2378.77
-1.047198	1.184361	0.625864	9	69	7	2378.65
-3.141593	0.370812	-2.547742	5	66	5	2378.50
2.879793	2.251330	-2.330739	10	66	5	2378.14
-2.356194	2.881233	-2.582574	64	5	74	2377.47
2.879793	2.664082	-1.071402	74	5	62	2377.18
-0.785398	1.374601	-2.456031	77	78	60	2375.48
-2.356194	2.033014	2.977192	73	16	71	2375.12
2.617994	2.108018	1.311430	63	5	71	2374.77
-1.047198	1.948085	-2.363031	12	73	11	2374.25
-0.261799	1.218453	2.777284	4	79	15	2374.12
1.570796	0.910508	1.903534	8	78	14	2373.46
0.523599	1.872854	1.543456	79	79	63	2371.64
-0.523599	1.554776	0.100351	76	1	61	2368.15
-0.523599	2.979456	-1.009304	7	3	63	2367.77
-2.617994	1.846342	-1.796954	66	68	68	2367.67
0.785398	2.760637	2.781135	18	7	2	2366.73
-2.879793	1.812176	0.656819	73	78	63	2366.41
-2.356194	0.831641	0.616218	9	74	14	2365.90
0.000000	1.569311	-3.003978	73	2	60	2365.41
-2.356194	1.134497	-1.109631	66	11	75	2364.73
-0.261799	2.664082	-1.071402	18	0	72	2363.90
-2.617994	1.433411	-1.035986	68	79	64	2362.97
-2.879793	0.929350	-2.910676	5	67	9	2362.66
1.832596	2.138223	1.678323	73	9	66	2362.08
-2.879793	1.325504	-1.671296	2	6	14	2361.45
0.785398	2.379497	0.561089	72	7	66	2359.05
2.356194	1.836682	-0.676006	0	6	63	2358.98
-2.617994	0.496451	0.593859	66	11	76	2358.82
2.879793	1.135813	-2.658866	9	2	13	2358.37
-1.047198	2.719179	-1.780644	67	11	70	2358.04
1.308997	0.961715	0.014085	67	7	64	2356.54
-0.785398	2.349581	-2.702517	74	72	62	2356.36
0.523599	0.458961	-0.107937	18	4	73	2355.79
2.356194	2.356369	3.005869	79	9	63	2354.80
-1.047198	2.108018	1.311430	63	3	68	2354.59
-3.141593	0.850607	-1.335383	5	2	15	2354.30
1.308997	1.909857	-0.381669	69	73	65	2353.26
1.570796	1.699788	2.452890	4	73	13	2352.09
1.308997	0.831641	0.616218	61	6	1	2351.96
2.356194	0.290380	-0.796960	62	10	79	2349.80
-3.141593	2.587733	0.232235	16	13	1	2348.78
-2.356194	2.704512	1.488683	77	3	60	2348.73
-2.356194	2.251330	-2.330739	8	66	8	2347.48
-2.879793	1.696674	-1.253233	71	77	64	2347.00
-1.832596	1.488617	1.159546	73	7	64	2346.31
-1.570796	2.349581	-2.702517	7	68	11	2344.92
-0.261799	2.592629	0.909713	74	10	67	2344.14
2.356194	1.413430	2.550734	77	2	59	2343.95
-0.785398	1.756530	-2.105156	1	5	62	2343.85
-2.879793	1.025536	1.576859	67	8	70	2343.68
-2.879793	1.948085	-2.363031	63	8	71	2342.95
0.261799	1.982574	-1.115518	2	3	62	2341.98
-1.832596	0.419640	2.974122	76	4	59	2341.41
-2.617994	1.367556	0.358405	77	12	67	2341.38
0.000000	1.450119	-2.739050	75	1	60	2341.05
2.094395	2.073035	2.027405	72	11	68	2339.99
2.879793	1.809167	1.213774	62	3	70	2339.15
-2.617994	1.809167	1.213774	68	77	66	2338.97
-2.617994	1.413347	-1.339188	70	0	63	2338.13
2.879793	1.836682	-0.676006	8	68	10	2337.95
-1.308997	0.080730	-2.622036	75	68	11	2335.88
1.308997	1.045978	0.343692	61	7	3	2335.84
-1.308997	0.640596	-2.797608	8	71	7	2335.01
-0.785398	1.135813	-2.658866	72	72	61	2333.44
-1.047198	2.115563	0.685730	74	9	66	2333.11
-2.879793	1.658653	-2.409879	63	9	73	2332.58
-2.356194	0.700570	1.559208	8	76	13	2332.54
-2.879793	2.343981	-1.040456	16	1	73	2332.49
0.261799	2.379497	0.561089	5	10	65	2331.67
2.617994	2.704512	1.488683	8	15	7	2331.65
1.570796	1.218453	2.777284	78	7	60	2331.44
-2.094395	1.184361	0.625864	7	77	15	2330.71
-0.785398	1.545873	-1.877082	14	70	7	2329.82
0.000000	1.504028	0.636812	71	73	66	2329.77
-2.356194	2.356369	3.005869	4	68	12	2329.54
2.094395	2.104282	-0.813972	68	65	72	2327.14
-0.261799	0.496451	0.593859	78	8	61	2326.88
-0.523599	0.203748	0.590255	4	2	17	2325.79
-3.141593	2.295480	1.008277	5	11	14	2325.09
-1.308997	2.984978	1.954446	64	9	0	2324.33
-1.308997	1.554776	0.100351	72	1	63	2324.05
-2.356194	2.724429	-0.348782	5	66	9	2323.26
-2.094395	1.569311	-3.003978	77	2	58	2323.00
2.094395	0.203748	0.590255	5	68	11	2322.56
-2.094395	1.599406	1.426070	3	15	67	2320.93
-0.261799	0.290380	-0.796960	4	69	10	2319.04
1.832596	1.555207	1.708892	79	0	61	2317.59
-1.047198	2.089241	-0.114193	4	11	65	2317.08
2.094395	1.194549	-0.801900	6	69	8	2316.62
2.879793	2.719179	-1.780644	73	8	62	2316.32
-2.094395	2.704512	1.488683	79	13	64	2315.52
-1.570796	1.504028	0.636812	71	4	65	2315.32
2.356194	1.766067	2.153843	71	12	69	2315.11
-1.570796	2.089241	-0.114193	5	7	65	2314.43
-0.785398	1.683268	0.374177	74	0	64	2313.31
0.785398	2.664082	-1.071402	0	5	62	2312.78
2.356194	1.982574	-1.115518	1	4	63	2312.34
0.523599	1.756530	-2.105156	63	10	79	2311.63
2.094395	1.440580	2.260026	16	9	77	2311.25
-2.356194	2.407836	1.410646	0	14	66	2309.62
-0.523599	1.875281	0.107086	77	3	62	2309.40
-1.570796	0.370812	-2.547742	73	69	9	2309.19
-1.832596	1.014500	0.906702	10	71	9	2308.57
1.832596	0.866955	-0.931351	1	69	8	2308.35
-2.879793	1.417623	-0.202254	66	5	67	2308.06
2.617994	0.906588	1.252948	77	67	9	2307.98
-0.785398	1.310100	1.488307	1	4	60	2306.89
1.308997	2.073035	2.027405	7	69	8	2305.99
-0.785398	1.699788	2.452890	75	9	60	2305.55
1.047198	1.214854	-1.966664	76	66	6	2304.98
2.356194	2.104282	-0.813972	79	12	66	2304.48
-2.617994	2.108018	1.311430	70	75	66	2304.45
2.617994	0.864993	2.278281	8	68	7	2304.22
-2.879793	2.456751	-1.503343	0	69	14	2303.36
-3.141593	1.014500	0.906702	68	12	72	2302.96
-2.617994	2.180315	-1.357379	9	68	9	2302.83
-2.879793	2.863997	0.549740	16	14	78	2302.76
-2.094395	0.370812	-2.547742	5	13	11	2302.58
1.570796	1.488617	1.159546	78	18	71	2302.48
2.617994	2.063651	-2.044600	69	73	64	2301.97
-3.141593	1.184361	0.625864	74	11	67	2301.51
0.785398	0.290380	-0.796960	75	66	1	2300.38
-1.047198	0.418037	1.360082	0	4	60	2300.02
-2.356194	2.393226	1.857173	7	70	12	2298.47
-2.356194	2.073035	2.027405	8	74	14	2298.39
-3.141593	0.929350	-2.910676	3	66	9	2298.30
1.047198	2.379497	0.561089	72	7	65	2298.10
-1.047198	2.579248	-2.364801	64	8	72	2297.64
2.356194	1.599406	1.426070	6	70	12	2297.52
-1.832596	1.214854	-1.966664	75	63	5	2297.50
1.832596	0.203748	0.590255	3	69	11	2297.46
-2.356194	1.256302	0.062705	77	6	62	2297.43
-1.047198	2.396274	-1.959260	72	79	62	2296.47
-2.879793	2.115563	0.685730	70	77	65	2296.14
1.047198	1.128190	-2.288622	76	68	9	2296.04
-0.785398	1.721184	-0.153948	71	4	65	2295.93
-1.832596	1.195355	1.200319	2	7	61	2294.99
2.879793	2.343981	-1.040456	73	11	64	2292.28
-0.785398	1.506530	1.988858	70	10	63	2292.16
-2.356194	1.904882	-1.478089	66	66	72	2292.12
2.094395	0.458961	-0.107937	62	6	2	2291.84
2.617994	2.180315	-1.357379	0	2	62	2291.84
-1.832596	2.251330	-2.330739	71	9	66	2291.42
0.785398	0.866395	-2.492918	76	7	61	2291.29
2.356194	2.664082	-1.071402	69	71	66	2289.93
0.523599	0.910508	1.903534	78	6	60	2289.66
-2.356194	2.295480	1.008277	68	73	67	2289.55
2.094395	1.836682	-0.676006	0	9	65	2287.19
-2.617994	1.510910	-0.740472	78	13	67	2286.24
1.570796	2.108018	1.311430	0	16	72	2286.23
1.570796	2.349581	-2.702517	8	76	15	2285.94
-1.832596	1.242974	-2.977882	10	79	14	2285.49
0.261799	2.349581	-2.702517	77	72	14	2285.43
2.617994	2.295480	1.008277	76	75	64	2285.04
-2.617994	0.640596	-2.797608	6	74	12	2284.25
0.261799	2.719179	-1.780644	68	77	64	2283.28
1.832596	2.592629	0.909713	63	0	68	2282.46
-1.832596	2.063651	-2.044600	0	9	65	2282.09
-1.308997	1.367556	0.358405	9	71	11	2281.67
-3.141593	1.662363	0.915448	68	0	65	2281.08
-1.308997	1.184361	0.625864	7	69	7	2279.81
2.094395	0.674054	1.013609	64	7	67	2279.47
0.523599	1.696674	-1.253233	2	3	63	2279.40
-2.094395	2.041297	-2.664597	71	12	67	2277.81
-2.879793	2.033014	2.977192	5	70	13	2276.98
0.785398	1.741644	-2.695914	69	5	62	2276.63
-3.141593	2.592629	0.909713	4	14	12	2276.43
0.000000	1.998705	2.370472	4	1	62	2275.96
1.832596	0.762244	-0.273349	78	71	13	2275.69
0.000000	0.762244	-0.273349	73	73	61	2274.67
2.879793	0.591903	2.010408	8	72	11	2274.46
0.785398	0.458961	-0.107937	17	6	72	2274.34
-1.308997	2.760637	2.781135	75	79	61	2274.23
-0.785398	1.812176	0.656819	75	79	63	2272.43
-0.261799	2.979456	-1.009304	8	3	63	2272.02
-2.617994	2.393226	1.857173	75	13	64	2271.77
1.047198	0.709924	0.218797	67	2	63	2268.90
0.523599	2.407836	1.410646	75	9	65	2268.42
-2.879793	0.910508	1.903534	67	9	71	2267.53
-2.094395	2.356369	3.005869	5	68	12	2266.88
-2.879793	0.866395	-2.492918	75	9	63	2266.77
2.617994	0.379747	-1.713059	9	67	3	2266.77
-0.261799	1.812176	0.656819	79	76	63	2266.55
-2.356194	2.153910	-1.714959	7	65	7	2266.42
-0.261799	1.113094	-0.272241	77	68	11	2265.91
1.047198	2.033014	2.977192	3	5	17	2265.71
-1.047198	0.203748	0.590255	4	72	12	2265.67
-1.570796	1.683268	0.374177	73	5	64	2265.63
-1.047198	2.588535	-2.976617	75	76	61	2264.82
2.356194	1.440580	2.260026	78	1	60	2264.20
0.523599	2.404280	-0.174044	1	6	63	2263.17
-1.308997	1.696674	-1.253233	71	15	75	2263.04
-1.047198	1.977582	0.969896	75	7	64	2262.71
2.617994	1.310100	1.488307	1	13	68	2262.58
2.094395	2.396274	-1.959260	9	6	64	2262.33
1.308997	0.370812	-2.547742	68	2	62	2262.24
-1.047198	2.153910	-1.714959	1	78	61	2261.64
2.879793	2.404280	-0.174044	10	69	10	2261.30
1.570796	1.440580	2.260026	4	77	60	2260.77
1.308997	1.875281	0.107086	65	13	76	2260.71
0.785398	2.863997	0.549740	66	4	69	2260.70
1.832596	2.588535	-2.976617	69	67	69	2260.49
-1.308997	1.909857	-0.381669	74	4	63	2260.03
-1.570796	2.760637	2.781135	11	68	9	2260.00
0.261799	2.343981	-1.040456	1	6	63	2259.73
1.308997	2.393226	1.857173	10	71	9	2259.73
2.617994	1.025536	1.576859	0	67	9	2259.64
0.523599	2.704512	1.488683	74	68	10	2259.63
-2.094395	1.870545	-2.976234	0	0	58	2259.45
1.570796	1.846342	-1.796954	5	65	3	2259.14
2.617994	2.456751	-1.503343	17	78	77	2258.61
-1.308997	2.456751	-1.503343	3	5	64	2258.54
2.356194	2.984978	1.954446	65	4	71	2256.80
-0.785398	2.180315	-1.357379	71	2	64	2254.24
-2.879793	1.413347	-1.339188	4	7	14	2253.64
-0.785398	1.606104	-0.451151	68	6	66	2253.64
0.785398	2.979456	-1.009304	79	2	60	2253.36
-2.617994	1.696674	-1.253233	72	77	63	2253.23
-0.785398	2.343981	-1.040456	73	3	63	2253.04
2.356194	2.001437	0.381215	78	77	63	2252.69
-2.356194	2.637879	2.121598	75	10	62	2252.44
1.308997	1.982574	-1.115518	73	3	62	2251.72
-0.261799	0.914445	2.687814	4	2	15	2251.21
-1.308997	1.875281	0.107086	79	71	14	2250.63
-2.094395	1.977582	0.969896	64	12	74	2248.82
0.785398	2.041297	-2.664597	8	70	8	2248.24
1.832596	2.724429	-0.348782	69	2	64	2247.88
-2.617994	2.349581	-2.702517	6	70	12	2247.43
-2.879793	1.872854	1.543456	64	8	3	2246.99
1.570796	1.214854	-1.966664	79	69	9	2246.95
0.000000	1.606104	-0.451151	73	73	64	2246.88
-3.141593	2.637879	2.121598	73	75	63	2246.80
-2.617994	2.592629	0.909713	16	13	78	2246.59
-2.879793	2.664082	-1.071402	71	6	62	2245.04
1.047198	1.135834	-1.431087	74	74	12	2244.60
-0.261799	1.450119	-2.739050	76	0	60	2244.32
2.356194	0.615174	-0.666022	7	68	6	2244.17
-0.261799	2.033014	2.977192	65	11	72	2243.42
-2.094395	2.760637	2.781135	74	7	62	2242.45
0.000000	2.041297	-2.664597	76	75	14	2241.96
-0.523599	1.184361	0.625864	76	71	65	2241.88
1.832596	1.374601	-2.456031	66	78	62	2241.71
0.261799	2.587733	0.232235	7	65	8	2240.98
-2.879793	2.299159	2.264663	71	77	63	2240.92
-3.141593	0.864993	2.278281	64	8	75	2240.91
2.617994	2.343981	-1.040456	75	12	64	2240.88
-1.832596	1.433411	-1.035986	73	15	71	2240.77
-3.141593	0.418037	1.360082	65	10	79	2240.39
1.570796	0.831641	0.616218	7	67	9	2240.39
-1.570796	1.846342	-1.796954	77	7	64	2240.22
1.308997	1.218453	2.777284	78	7	60	2240.07
-0.523599	1.683268	0.374177	76	75	63	2239.92
-0.785398	2.063651	-2.044600	3	6	62	2239.68
2.879793	1.766067	2.153843	1	1	60	2239.32
0.785398	1.113094	-0.272241	73	2	60	2239.14
1.047198	2.979456	-1.009304	67	0	65	2239.00
-1.570796	2.592629	0.909713	10	2	67	2238.67
-2.094395	1.510910	-0.740472	74	13	68	2238.67
1.832596	1.134796	2.434290	78	4	59	2238.40
0.000000	1.214854	-1.966664	19	9	74	2238.29
-0.785398	0.864993	2.278281	64	13	73	2238.02
1.570796	1.766067	2.153843	1	77	61	2237.84
-3.141593	1.135834	-1.431087	1	12	66	2237.81
1.570796	1.134796	2.434290	78	4	59	2237.33
-2.617994	0.850607	-1.335383	76	61	4	2236.84
1.570796	2.073035	2.027405	9	70	8	2236.78
0.785398	1.134497	-1.109631	72	74	10	2236.13
1.047198	2.180315	-1.357379	7	69	8	2235.38
-2.879793	1.440580	2.260026	2	79	59	2235.13
-1.570796	2.719179	-1.780644	3	79	61	2235.07
0.261799	0.496451	0.593859	19	8	75	2234.17
-1.570796	2.396274	-1.959260	72	8	64	2233.24
-2.879793	1.135834	-1.431087	4	5	14	2232.52
-1.570796	1.982574	-1.115518	63	76	68	2232.52
-0.523599	0.571433	-1.188419	75	3	60	2232.15
-2.879793	0.700570	1.559208	7	75	13	2232.09
-2.617994	0.866955	-0.931351	0	61	6	2231.89
-0.261799	2.247462	0.191623	78	6	63	2231.21
0.000000	0.203748	0.590255	20	4	76	2231.05
-1.308997	2.108018	1.311430	64	5	67	2230.09
-0.785398	1.504028	0.636812	10	70	8	2230.05
-3.141593	2.984978	1.954446	9	5	62	2230.03
2.094395	1.904882	-1.478089	63	10	72	2229.95
-2.617994	1.732874	-0.951685	69	77	64	2229.82
-1.832596	1.510910	-0.740472	73	12	68	2229.31
0.785398	1.606104	-0.451151	79	70	12	2229.13
-0.523599	1.662363	0.915448	3	70	11	2229.07
-2.356194	1.809167	1.213774	5	6	64	2228.90
-0.785398	2.456751	-1.503343	73	4	63	2227.48
-3.141593	0.910508	1.903534	61	0	78	2227.29
-0.785398	1.325504	-1.671296	64	8	3	2227.10
-3.141593	1.506530	1.988858	1	3	61	2226.76
2.356194	0.700570	1.559208	77	66	7	2226.70
1.047198	1.683268	0.374177	72	5	61	2226.51
-2.356194	1.510910	-0.740472	76	13	68	2226.44
2.094395	2.115563	0.685730	72	64	6	2226.12
-2.617994	2.379497	0.561089	9	70	11	2226.04
0.000000	1.510910	-0.740472	0	66	7	2225.96
-1.308997	1.732874	-0.951685	70	71	66	2225.62
1.570796	2.001437	0.381215	64	13	79	2225.15
-3.141593	1.413430	2.550734	68	10	72	2224.02
2.617994	1.195355	1.200319	13	69	9	2223.44
-1.832596	2.343981	-1.040456	7	68	11	2222.93
-2.094395	2.104282	-0.813972	79	2	62	2222.28
-0.785398	1.554776	0.100351	71	1	64	2221.94
-1.832596	1.699788	2.452890	72	79	62	2221.76
-1.308997	0.297065	2.160177	77	5	60	2221.68
-0.261799	0.866955	-0.931351	77	6	61	2221.40
-0.785398	1.242974	-2.977882	68	2	62	2221.39
-2.356194	2.719179	-1.780644	69	14	3	2221.35
-2.617994	1.662363	0.915448	6	8	65	2220.66
0.000000	2.063651	-2.044600	66	8	67	2220.44
-2.094395	2.349581	-2.702517	73	10	66	2220.40
0.785398	0.709924	0.218797	76	67	8	2220.28
-2.094395	2.138223	1.678323	77	73	64	2219.95
2.617994	0.762244	-0.273349	66	12	74	2219.76
2.879793	0.929350	-2.910676	77	5	59	2218.95
-0.785398	0.458961	-0.107937	1	69	11	2218.62
0.785398	2.180315	-1.357379	79	4	62	2218.57
1.570796	2.404280	-0.174044	66	73	68	2218.48
0.000000	1.367556	0.358405	69	72	68	2218.04
1.047198	2.393226	1.857173	74	73	62	2217.86
2.617994	2.187132	-0.479875	8	69	11	2217.75
0.523599	1.440580	2.260026	4	65	4	2217.44
1.832596	0.899350	-2.069907	77	10	62	2217.35
1.832596	2.104282	-0.813972	67	66	71	2216.92
1.308997	2.349581	-2.702517	6	74	15	2216.81
-0.785398	1.335669	0.897240	3	76	16	2216.30
2.879793	0.290380	-0.796960	76	4	60	2215.61
-1.832596	2.407836	1.410646	76	11	65	2215.39
-1.047198	1.982574	-1.115518	72	72	64	2215.10
-1.308997	2.404280	-0.174044	4	12	69	2215.03
0.523599	2.001437	0.381215	74	6	63	2214.70
-1.308997	2.349581	-2.702517	9	69	11	2214.10
-1.570796	1.014500	0.906702	6	72	12	2213.93
1.570796	1.977582	0.969896	79	13	67	2213.55
-1.308997	1.721184	-0.153948	72	6	64	2213.36
1.832596	2.180315	-1.357379	69	2	64	2213.08
1.308997	2.089241	-0.114193	69	75	65	2212.34
-0.785398	1.417623	-0.202254	69	3	64	2211.99
2.356194	0.297065	2.160177	63	9	79	2211.89
-0.261799	2.404280	-0.174044	5	65	10	2211.88
-0.523599	1.374601	-2.456031	78	78	60	2211.46
0.261799	1.658653	-2.409879	69	2	63	2211.01
-2.879793	1.184361	0.625864	70	2	62	2211.01
2.617994	1.982574	-1.115518	0	6	63	2210.96
0.261799	0.700570	1.559208	76	6	61	2210.91
-1.832596	1.721184	-0.153948	3	8	64	2210.40
0.523599	1.736875	3.023612	69	66	76	2209.83
-1.570796	1.872854	1.543456	79	16	67	2209.76
0.785398	0.910508	1.903534	78	1	59	2209.29
-2.617994	1.014500	0.906702	9	75	14	2209.16
-3.141593	1.977582	0.969896	69	78	65	2208.37
2.356194	2.760637	2.781135	2	77	60	2207.68
1.832596	0.864993	2.278281	68	2	61	2206.89
2.617994	2.579248	-2.364801	5	11	63	2206.54
0.523599	2.719179	-1.780644	68	77	64	2206.17
1.308997	1.721184	-0.153948	71	75	63	2205.93
0.261799	2.164094	-2.991358	67	69	71	2205.17
-2.879793	1.662363	0.915448	68	79	66	2204.59
1.832596	1.696674	-1.253233	76	3	62	2204.33
-2.617994	0.906588	1.252948	9	71	10	2203.84
-1.570796	1.736875	3.023612	72	72	63	2203.74
-0.523599	1.812176	0.656819	69	65	78	2203.51
1.308997	1.301460	-0.509251	73	71	63	2203.45
0.785398	2.588535	-2.976617	5	73	15	2203.35
1.308997	0.866395	-2.492918	79	65	6	2202.69
-1.570796	2.001437	0.381215	5	77	63	2202.15
-1.308997	2.153910	-1.714959	0	77	61	2201.63
-1.570796	2.455966	-0.641220	3	15	72	2201.36
-1.047198	2.407836	1.410646	67	4	64	2201.25
-2.879793	1.732874	-0.951685	69	76	64	2200.23
-0.523599	1.135813	-2.658866	73	71	61	2199.38
-0.261799	1.982574	-1.115518	1	1	62	2199.24
1.308997	1.448123	-2.163292	78	71	12	2199.17
1.308997	2.984978	1.954446	68	75	63	2199.15
2.356194	2.404280	-0.174044	78	72	64	2198.76
-3.141593	1.113094	-0.272241	5	68	13	2198.75
0.523599	0.899350	-2.069907	79	9	61	2198.01
-2.356194	1.736875	3.023612	0	4	58	2197.81
-2.094395	1.214854	-1.966664	74	3	62	2196.63
-0.523599	2.456751	-1.503343	75	78	62	2195.59
-2.356194	1.488617	1.159546	72	8	66	2195.50
-3.141593	2.349581	-2.702517	65	10	79	2195.41
2.094395	1.824694	1.850876	7	67	8	2195.35
-2.617994	1.554776	0.100351	78	4	62	2195.20
1.832596	0.418037	1.360082	72	1	60	2194.64
-2.094395	1.554776	0.100351	79	5	62	2194.48
-1.570796	0.615174	-0.666022	2	78	60	2194.00
1.308997	1.413347	-1.339188	1	66	5	2193.97
-0.261799	1.696674	-1.253233	8	77	64	2193.75
-2.094395	1.555207	1.708892	2	13	65	2193.67
-0.523599	1.766067	2.153843	72	10	62	2193.53
1.308997	1.134497	-1.109631	75	71	10	2192.68
-2.617994	2.115563	0.685730	70	76	65	2192.43
-2.617994	1.134497	-1.109631	68	13	74	2192.15
-3.141593	1.909857	-0.381669	18	0	77	2192.12
-0.523599	1.448123	-2.163292	69	79	63	2191.90
2.094395	1.134796	2.434290	2	74	14	2191.28
1.832596	1.128190	-2.288622	77	1	60	2190.43
1.570796	0.700570	1.559208	4	18	1	2190.30
-2.094395	2.180315	-1.357379	8	66	9	2189.88
1.570796	2.407836	1.410646	67	78	65	2189.47
-3.141593	1.948085	-2.363031	64	10	72	2189.23
1.047198	2.108018	1.311430	75	1	63	2189.10
0.261799	1.977582	0.969896	74	78	63	2188.92
-2.094395	2.396274	-1.959260	8	67	10	2188.60
1.308997	0.203748	0.590255	62	7	77	2187.67
-2.094395	0.619654	-2.216909	62	79	66	2187.13
-2.617994	2.164094	-2.991358	74	13	67	2186.58
2.094395	1.756530	-2.105156	63	78	65	2186.21
1.308997	1.335669	0.897240	10	3	66	2186.13
-0.523599	1.658653	-2.409879	79	1	60	2185.42
2.094395	2.760637	2.781135	0	77	60	2185.34
-2.094395	2.456751	-1.503343	7	67	10	2185.16
-1.832596	1.809167	1.213774	63	11	74	2185.03
-1.832596	1.545873	-1.877082	78	1	61	2184.98
0.261799	2.579248	-2.364801	72	67	7	2184.77
1.832596	2.108018	1.311430	79	16	72	2184.66
0.523599	0.866955	-0.931351	72	2	60	2184.50
2.356194	1.904882	-1.478089	68	0	64	2184.34
0.523599	0.370812	-2.547742	66	3	63	2184.10
1.047198	0.290380	-0.796960	77	65	1	2183.53
2.356194	2.108018	1.311430	76	77	63	2183.23
1.047198	2.073035	2.027405	6	71	10	2183.17
0.523599	2.073035	2.027405	3	77	62	2182.94
-2.094395	2.153910	-1.714959	8	68	11	2182.35
-2.879793	2.396274	-1.959260	62	7	75	2182.30
0.785398	2.138223	1.678323	7	67	7	2181.89
-1.570796	0.571433	-1.188419	64	7	78	2181.54
2.617994	1.135834	-1.431087	76	12	66	2180.61
0.261799	0.203748	0.590255	3	79	60	2180.59
0.785398	1.982574	-1.115518	2	4	62	2179.25
-2.879793	1.134497	-1.109631	65	2	66	2179.20
0.261799	2.033014	2.977192	67	67	74	2179.15
0.785398	0.379747	-1.713059	1	9	61	2178.37
-0.785398	2.404280	-0.174044	68	11	71	2177.86
-3.141593	1.247695	1.809890	69	10	69	2177.59
-0.523599	0.297065	2.160177	63	10	73	2177.26
2.879793	1.736875	3.023612	2	67	11	2176.90
-2.356194	1.374601	-2.456031	78	79	60	2175.21
-1.047198	1.413430	2.550734	75	6	59	2175.16
1.570796	2.180315	-1.357379	69	3	64	2174.96
2.094395	2.180315	-1.357379	1	1	62	2174.80
-0.785398	0.992645	-1.723759	1	16	67	2174.42
2.094395	2.187132	-0.479875	66	66	71	2174.17
-1.832596	0.379747	-1.713059	5	67	8	2173.90
-1.832596	1.374601	-2.456031	79	2	60	2173.79
-2.094395	1.732874	-0.951685	8	68	12	2173.44
-1.570796	0.640596	-2.797608	62	1	65	2173.41
-0.261799	0.831641	0.616218	79	12	63	2173.23
2.617994	1.683268	0.374177	70	74	62	2173.13
1.832596	0.700570	1.559208	7	1	16	2173.05
-0.523599	1.050534	3.042579	13	71	2	2172.97
2.879793	2.396274	-1.959260	68	69	67	2172.88
1.308997	2.295480	1.008277	10	67	9	2172.58
-0.785398	1.247695	1.809890	5	69	9	2172.38
0.523599	0.866395	-2.492918	76	7	61	2171.84
-1.308997	1.128190	-2.288622	75	76	61	2170.26
1.047198	1.555207	1.708892	78	6	61	2170.21
-0.523599	1.335669	0.897240	4	72	13	2169.77
-0.523599	2.396274	-1.959260	65	5	68	2169.63
1.047198	2.187132	-0.479875	67	74	67	2169.42
0.785398	1.683268	0.374177	73	5	61	2168.43
2.356194	0.831641	0.616218	65	5	65	2168.33
-2.617994	1.982574	-1.115518	72	74	64	2168.30
1.832596	1.135813	-2.658866	68	77	61	2167.18
-0.261799	2.001437	0.381215	78	0	62	2166.91
0.523599	2.637879	2.121598	74	0	62	2166.62
-0.523599	1.977582	0.969896	2	69	10	2166.53
-1.570796	1.545873	-1.877082	77	1	61	2166.40
-0.261799	0.866395	-2.492918	8	63	2	2166.05
-1.570796	1.617114	-1.572037	78	78	62	2165.91
1.832596	1.194549	-0.801900	5	68	6	2165.70
-1.832596	2.108018	1.311430	12	71	9	2164.80
0.785398	1.756530	-2.105156	4	11	63	2164.14
-2.094395	1.982574	-1.115518	7	69	13	2164.05
-1.570796	2.295480	1.008277	65	7	68	2164.01
0.261799	1.574060	2.783565	7	77	14	2163.99
-1.570796	1.214854	-1.966664	78	63	5	2163.95
-2.879793	1.756530	-2.105156	62	9	74	2163.94
0.000000	1.488617	1.159546	4	68	10	2163.92
0.261799	1.683268	0.374177	71	73	66	2163.92
-0.523599	0.914445	2.687814	0	13	63	2163.14
0.785398	0.618092	2.539118	2	5	60	2163.06
-0.523599	1.545873	-1.877082	70	0	63	2162.85
0.523599	1.741644	-2.695914	72	78	60	2161.36
-1.832596	0.080730	-2.622036	78	5	60	2160.67
-1.308997	1.977582	0.969896	76	6	64	2160.37
-0.261799	1.545873	-1.877082	4	79	62	2160.26
0.523599	2.396274	-1.959260	70	68	5	2160.24
-2.617994	1.050534	3.042579	15	11	76	2160.13
1.308997	2.041297	-2.664597	2	75	16	2159.21
2.094395	1.555207	1.708892	5	68	9	2158.70
1.047198	1.135813	-2.658866	0	68	9	2158.62
0.261799	2.637879	2.121598	73	2	62	2158.43
2.356194	0.864993	2.278281	7	69	8	2158.39
-1.047198	1.699788	2.452890	78	8	59	2158.30
1.308997	1.256302	0.062705	65	8	66	2157.73
-2.094395	1.662363	0.915448	6	9	65	2157.53
1.832596	2.153910	-1.714959	8	65	3	2157.21
-2.094395	1.545873	-1.877082	9	68	10	2156.22
-2.617994	1.488617	1.159546	66	0	67	2156.10
-1.308997	1.374601	-2.456031	1	76	60	2156.08
1.570796	1.756530	-2.105156	2	70	12	2155.76
-1.570796	0.080730	-2.622036	74	69	11	2155.55
2.879793	1.128190	-2.288622	3	7	62	2155.23
-3.141593	0.733948	3.021411	77	62	2	2154.68
-2.356194	1.413430	2.550734	72	78	60	2154.68
-1.308997	1.824694	1.850876	77	15	64	2154.49
0.000000	2.108018	1.311430	3	70	11	2154.02
-0.523599	0.615174	-0.666022	79	3	60	2153.74
1.047198	2.664082	-1.071402	70	79	63	2153.59
-1.832596	2.637879	2.121598	75	1	61	2153.59
-1.047198	1.766067	2.153843	76	11	61	2152.85
-1.308997	2.251330	-2.330739	8	70	12	2152.51
-2.094395	2.247462	0.191623	10	64	2	2152.14
0.523599	2.664082	-1.071402	0	4	62	2151.51
-2.617994	0.379747	-1.713059	6	68	7	2150.72
-2.879793	2.138223	1.678323	74	74	64	2150.70
1.832596	2.881233	-2.582574	2	67	11	2150.19
-0.261799	1.846342	-1.796954	5	3	62	2149.67
2.356194	2.881233	-2.582574	75	3	60	2149.22
1.308997	2.724429	-0.348782	68	3	64	2149.11
2.356194	1.846342	-1.796954	70	78	63	2148.93
0.000000	2.592629	0.909713	75	10	67	2148.60
1.308997	2.174483	2.653697	77	8	63	2148.50
1.308997	0.709924	0.218797	79	9	62	2148.44
-0.785398	2.455966	-0.641220	66	70	67	2148.30
1.570796	2.299159	2.264663	77	75	60	2147.97
-2.356194	1.014500	0.906702	5	70	12	2146.98
-1.308997	1.872854	1.543456	76	17	68	2146.74
2.356194	1.025536	1.576859	77	67	9	2146.53
0.261799	1.374601	-2.456031	70	79	62	2146.24
-0.785398	2.356369	3.005869	70	75	62	2145.70
1.570796	2.343981	-1.040456	70	76	63	2145.59
0.261799	1.696674	-1.253233	17	71	5	2144.91
-2.356194	2.343981	-1.040456	71	0	63	2144.82
1.832596	1.948085	-2.363031	5	72	13	2144.53
0.785398	0.370812	-2.547742	69	1	61	2144.29
2.094395	2.295480	1.008277	74	75	64	2144.03
-0.523599	1.413430	2.550734	63	10	77	2143.90
1.832596	2.456751	-1.503343	8	4	63	2143.70
-0.785398	1.904882	-1.478089	64	8	78	2143.29
-1.308997	1.134796	2.434290	1	8	59	2142.82
1.832596	0.290380	-0.796960	76	68	7	2142.62
-2.094395	1.450119	-2.739050	73	0	59	2142.14
2.879793	0.906588	1.252948	69	13	74	2141.77
-2.356194	0.640596	-2.797608	76	2	59	2141.46
2.094395	0.864993	2.278281	20	0	72	2141.41
2.879793	1.218453	2.777284	73	65	6	2141.31
2.094395	1.134497	-1.109631	4	70	10	2141.28
1.832596	1.904882	-1.478089	7	65	79	2140.72
2.617994	1.909857	-0.381669	77	7	63	2140.67
2.617994	2.251330	-2.330739	70	69	66	2140.63
2.617994	2.407836	1.410646	63	5	71	2140.61
-3.141593	0.831641	0.616218	74	14	69	2140.60
-2.356194	1.506530	1.988858	9	69	11	2140.37
-1.832596	2.588535	-2.976617	73	7	63	2139.74
-2.617994	2.187132	-0.479875	5	74	16	2139.68
0.000000	1.574060	2.783565	79	8	59	2139.67
1.570796	1.982574	-1.115518	74	78	61	2139.54
-2.356194	2.138223	1.678323	76	74	64	2139.48
0.523599	2.033014	2.977192	70	66	74	2139.23
0.000000	1.736875	3.023612	69	4	60	2139.20
-1.832596	2.719179	-1.780644	64	7	77	2139.04
2.356194	1.872854	1.543456	76	79	62	2138.88
-2.879793	2.108018	1.311430	68	77	66	2138.30
-0.785398	0.080730	-2.622036	1	65	10	2138.22
2.356194	2.579248	-2.364801	68	69	68	2138.21
1.570796	2.592629	0.909713	78	16	70	2137.73
1.308997	1.846342	-1.796954	2	63	0	2137.54
-1.832596	1.683268	0.374177	1	76	62	2137.36
-2.356194	2.587733	0.232235	9	71	12	2136.69
0.523599	0.379747	-1.713059	70	4	62	2136.50
-0.523599	1.998705	2.370472	73	68	8	2136.41
-1.832596	1.870545	-2.976234	1	0	58	2135.22
0.523599	0.418037	1.360082	66	1	62	2134.75
-2.094395	1.374601	-2.456031	79	1	60	2134.57
0.785398	1.696674	-1.253233	2	1	62	2134.53
0.261799	2.984978	1.954446	73	3	62	2134.24
-3.141593	1.982574	-1.115518	70	75	64	2133.93
0.785398	0.591903	2.010408	68	4	62	2133.41
-1.047198	2.404280	-0.174044	2	14	69	2133.18
-2.617994	0.615174	-0.666022	63	7	6	2133.11
-2.356194	0.866395	-2.492918	8	78	13	2132.52
1.832596	1.256302	0.062705	6	66	7	2132.49
-1.047198	1.504028	0.636812	7	72	12	2131.85
-0.523599	2.587733	0.232235	2	65	7	2131.77
-1.047198	1.135813	-2.658866	69	14	75	2131.63
1.047198	1.574060	2.783565	2	10	15	2131.59
0.261799	2.138223	1.678323	78	2	62	2130.59
0.000000	2.456751	-1.503343	6	13	14	2130.47
-1.570796	1.450119	-2.739050	71	5	60	2130.30
-1.832596	2.478122	2.609777	12	67	7	2129.41
1.832596	2.343981	-1.040456	68	3	65	2129.33
-1.832596	0.370812	-2.547742	60	1	68	2129.25
0.000000	2.588535	-2.976617	79	69	12	2128.99
-2.094395	0.906588	1.252948	5	75	14	2128.58
-2.094395	1.736875	3.023612	0	4	58	2128.46
-2.879793	2.164094	-2.991358	66	8	7	2128.41
-0.261799	1.488617	1.159546	1	67	9	2128.08
-0.785398	2.115563	0.685730	74	8	65	2127.96
-0.523599	1.417623	-0.202254	65	9	3	2127.81
1.047198	1.909857	-0.381669	69	74	66	2127.02
-2.617994	2.881233	-2.582574	66	8	74	2126.94
1.570796	1.617114	-1.572037	1	8	62	2126.90
2.094395	1.599406	1.426070	9	65	6	2126.62
-0.523599	0.419640	2.974122	76	66	7	2125.94
2.879793	1.875281	0.107086	5	76	64	2125.82
-1.570796	1.766067	2.153843	3	4	60	2125.67
-1.570796	2.251330	-2.330739	70	8	66	2125.58
-2.879793	2.180315	-1.357379	12	12	73	2125.52
-0.261799	1.510910	-0.740472	70	74	64	2125.29
-0.523599	2.063651	-2.044600	3	5	61	2125.28
0.523599	0.831641	0.616218	77	14	66	2125.22
1.047198	0.297065	2.160177	3	3	60	2125.19
-0.261799	1.875281	0.107086	66	15	78	2124.94
-2.356194	2.396274	-1.959260	6	68	11	2124.87
2.617994	1.872854	1.543456	63	6	73	2123.77
2.617994	1.869911	2.701025	75	8	64	2123.57
-2.617994	1.025536	1.576859	67	7	70	2123.45
-2.094395	2.407836	1.410646	77	12	65	2123.32
-0.523599	1.256302	0.062705	74	78	61	2123.20
0.785398	2.153910	-1.714959	7	72	11	2122.60
-0.523599	2.664082	-1.071402	0	14	67	2122.35
-0.523599	0.290380	-0.796960	2	67	9	2122.31
2.879793	1.168678	2.108595	69	11	71	2121.83
0.261799	1.433411	-1.035986	65	7	66	2121.57
2.617994	2.104282	-0.813972	76	13	66	2120.89
-1.570796	0.866395	-2.492918	65	77	64	2120.69
2.879793	1.050534	3.042579	75	63	5	2119.70
1.832596	1.766067	2.153843	4	69	10	2119.42
-2.879793	1.014500	0.906702	9	69	9	2118.62
-2.356194	2.164094	-2.991358	73	13	67	2118.59
-0.261799	2.343981	-1.040456	7	69	13	2118.51
2.879793	0.615174	-0.666022	68	13	72	2118.29
-3.141593	1.045978	0.343692	78	63	6	2118.04
1.570796	1.128190	-2.288622	78	5	60	2117.78
2.617994	1.904882	-1.478089	67	78	64	2117.71
-0.523599	1.510910	-0.740472	71	74	64	2117.45
-3.141593	1.836682	-0.676006	13	78	67	2117.35
-3.141593	0.615174	-0.666022	66	10	72	2117.06
2.879793	0.850607	-1.335383	62	12	2	2116.81
2.617994	2.247462	0.191623	77	75	63	2115.99
-1.308997	2.247462	0.191623	75	70	13	2115.96
2.617994	1.448123	-2.163292	71	5	61	2115.82
2.617994	2.393226	1.857173	3	2	61	2115.68
-1.047198	1.909857	-0.381669	72	7	65	2115.65
-2.356194	1.812176	0.656819	66	77	66	2115.54
-0.785398	0.571433	-1.188419	75	3	60	2115.08
-2.879793	0.831641	0.616218	73	13	69	2114.65
1.047198	2.456751	-1.503343	70	66	2	2114.62
-1.570796	0.418037	1.360082	79	7	60	2114.19
2.617994	0.615174	-0.666022	69	14	72	2114.04
0.261799	1.134796	2.434290	3	2	16	2113.95
-2.617994	1.872854	1.543456	74	77	63	2113.48
0.261799	2.073035	2.027405	1	1	62	2113.38
0.261799	1.135813	-2.658866	68	76	63	2113.27
-1.570796	1.606104	-0.451151	70	3	63	2113.17
2.094395	1.658653	-2.409879	65	76	64	2113.11
1.047198	1.869911	2.701025	72	70	61	2112.68
1.570796	1.325504	-1.671296	2	68	8	2112.58
-2.617994	2.247462	0.191623	65	8	70	2112.58
2.356194	1.045978	0.343692	78	66	12	2112.48
-2.094395	1.195355	1.200319	69	8	68	2111.79
-2.094395	0.674054	1.013609	9	71	9	2111.76
-1.570796	1.909857	-0.381669	3	12	66	2111.56
2.094395	2.587733	0.232235	65	73	68	2111.33
-0.523599	1.721184	-0.153948	70	5	65	2111.18
-2.617994	2.153910	-1.714959	66	67	70	2110.91
-2.617994	1.413430	2.550734	72	78	60	2110.52
0.785398	1.766067	2.153843	7	64	2	2110.28
1.308997	1.869911	2.701025	0	8	61	2110.11
1.832596	2.379497	0.561089	10	66	10	2109.83
-3.141593	2.299159	2.264663	72	78	63	2109.27
1.308997	0.297065	2.160177	3	3	60	2109.14
2.094395	1.506530	1.988858	6	66	7	2109.12
1.570796	1.506530	1.988858	77	9	63	2108.93
1.047198	1.448123	-2.163292	77	67	8	2108.13
-2.356194	2.108018	1.311430	12	66	4	2108.09
2.094395	1.448123	-2.163292	65	79	63	2107.85
0.261799	1.218453	2.777284	6	1	14	2107.80
-1.570796	2.881233	-2.582574	65	10	73	2107.78
-1.308997	0.615174	-0.666022	61	3	76	2107.76
1.047198	1.732874	-0.951685	67	69	70	2107.70
0.785398	2.174483	2.653697	9	67	4	2107.61
-1.570796	2.153910	-1.714959	0	6	63	2107.59
0.523599	2.760637	2.781135	74	11	63	2107.52
-1.570796	1.256302	0.062705	77	1	60	2106.85
-2.879793	1.554776	0.100351	8	1	62	2106.70
1.832596	0.906588	1.252948	4	18	79	2106.49
-0.523599	2.001437	0.381215	63	7	8	2106.41
1.832596	2.637879	2.121598	4	75	61	2106.22
-1.832596	1.168678	2.108595	5	9	14	2105.97
-3.141593	1.766067	2.153843	71	77	62	2105.84
1.832596	2.073035	2.027405	74	12	68	2105.66
-2.356194	1.367556	0.358405	76	2	61	2105.45
-1.047198	0.419640	2.974122	72	68	8	2105.43
0.000000	1.658653	-2.409879	2	77	59	2105.43
0.785398	1.904882	-1.478089	79	1	62	2105.32
-3.141593	2.719179	-1.780644	73	7	62	2105.25
-2.356194	1.050534	3.042579	5	71	12	2105.20
-1.570796	1.574060	2.783565	70	75	62	2105.18
2.879793	2.108018	1.311430	62	4	71	2104.70
-1.832596	1.872854	1.543456	13	71	10	2104.54
-1.047198	0.290380	-0.796960	65	10	77	2104.41
-1.832596	0.831641	0.616218	9	67	5	2104.21
0.523599	1.809167	1.213774	77	77	63	2104.14
-1.832596	1.391910	3.030322	67	72	63	2104.05
-3.141593	1.417623	-0.202254	66	7	67	2103.90
1.308997	2.180315	-1.357379	69	3	64	2103.80
1.308997	1.391910	3.030322	79	7	15	2103.48
-2.879793	2.704512	1.488683	2	70	14	2103.23
0.261799	2.299159	2.264663	72	6	62	2102.86
-3.141593	1.809167	1.213774	67	79	66	2102.80
-1.832596	1.569311	-3.003978	77	2	58	2102.60
-1.832596	1.875281	0.107086	3	0	62	2102.26
-1.832596	1.440580	2.260026	70	1	62	2102.17
-1.047198	2.478122	2.609777	64	9	79	2102.00
2.617994	1.506530	1.988858	70	12	70	2101.71
-2.879793	2.393226	1.857173	14	68	6	2101.58
-1.570796	1.128190	-2.288622	73	3	61	2101.50
2.356194	1.809167	1.213774	63	6	69	2101.47
1.047198	0.458961	-0.107937	17	9	73	2101.39
-0.261799	0.571433	-1.188419	1	65	7	2101.24
0.000000	0.379747	-1.713059	2	4	60	2101.18
1.570796	0.379747	-1.713059	69	4	61	2100.78
1.832596	1.872854	1.543456	76	79	62	2100.23
1.047198	2.343981	-1.040456	0	5	63	2100.21
-1.832596	0.961715	0.014085	73	79	59	2099.97
0.000000	2.247462	0.191623	75	7	64	2099.83
1.308997	0.619654	-2.216909	67	3	62	2099.73
-2.879793	1.617114	-1.572037	74	79	62	2099.60
-3.141593	2.033014	2.977192	66	10	0	2099.58
1.832596	0.709924	0.218797	5	69	11	2099.23
0.261799	0.618092	2.539118	7	17	4	2099.22
-2.356194	1.732874	-0.951685	69	75	64	2099.20
-1.047198	2.343981	-1.040456	65	72	67	2099.17
-2.879793	1.721184	-0.153948	67	3	65	2099.14
-1.047198	1.846342	-1.796954	74	67	7	2098.78
-0.523599	0.418037	1.360082	65	4	62	2098.69
0.523599	2.295480	1.008277	78	10	65	2098.67
0.785398	1.417623	-0.202254	71	5	61	2098.66
-3.141593	1.904882	-1.478089	2	74	62	2098.27
-1.832596	2.592629	0.909713	10	1	67	2098.03
-0.785398	1.982574	-1.115518	65	9	74	2098.00
-0.523599	1.450119	-2.739050	75	1	60	2097.90
2.879793	0.619654	-2.216909	6	67	6	2097.47
2.094395	1.998705	2.370472	73	13	70	2097.38
-2.617994	1.599406	1.426070	73	6	64	2097.36
-2.356194	1.555207	1.708892	3	12	65	2097.11
2.094395	1.450119	-2.739050	67	74	63	2096.88
-1.832596	2.704512	1.488683	76	13	64	2096.68
0.261799	1.736875	3.023612	79	11	61	2096.26
-1.047198	2.295480	1.008277	77	9	65	2096.07
-0.261799	2.073035	2.027405	19	78	2	2095.85
0.261799	2.247462	0.191623	6	66	12	2095.58
2.879793	1.310100	1.488307	76	10	65	2095.14
-1.570796	2.104282	-0.813972	63	74	68	2094.89
2.879793	1.325504	-1.671296	78	7	63	2094.89
-0.785398	2.407836	1.410646	67	2	64	2094.86
-0.785398	2.104282	-0.813972	74	1	62	2094.67
-1.570796	1.301460	-0.509251	71	12	70	2094.17
-2.879793	2.724429	-0.348782	72	11	65	2093.83
0.523599	2.587733	0.232235	69	7	67	2093.34
-2.617994	0.418037	1.360082	63	5	77	2093.25
0.261799	1.875281	0.107086	72	10	64	2093.22
0.000000	1.741644	-2.695914	77	4	60	2093.08
-0.785398	2.108018	1.311430	7	5	64	2092.96
-0.261799	2.349581	-2.702517	6	14	13	2091.94
1.308997	0.496451	0.593859	3	69	10	2091.84
0.261799	2.115563	0.685730	79	7	64	2091.61
2.879793	1.998705	2.370472	68	12	2	2091.35
-1.832596	1.812176	0.656819	7	9	65	2090.93
0.261799	1.948085	-2.363031	67	4	65	2090.90
0.785398	1.374601	-2.456031	74	5	61	2090.83
-0.523599	0.899350	-2.069907	7	64	5	2090.43
-0.523599	2.349581	-2.702517	20	6	71	2090.41
0.000000	2.349581	-2.702517	75	68	9	2089.76
-0.785398	2.724429	-0.348782	4	63	6	2089.36
0.261799	2.180315	-1.357379	11	69	7	2089.11
-0.785398	1.448123	-2.163292	68	0	63	2088.98
0.523599	1.374601	-2.456031	75	8	61	2088.62
-0.261799	2.138223	1.678323	68	4	63	2088.47
2.094395	1.699788	2.452890	16	9	74	2088.34
-2.617994	2.104282	-0.813972	9	66	7	2088.16
2.094395	2.455966	-0.641220	79	71	64	2088.12
-1.308997	1.440580	2.260026	4	7	60	2088.01
-0.523599	0.831641	0.616218	0	12	63	2087.83
-1.832596	2.041297	-2.664597	70	11	67	2087.79
-0.785398	1.450119	-2.739050	74	75	59	2087.71
-2.094395	2.295480	1.008277	10	70	10	2087.61
2.879793	1.569311	-3.003978	66	12	75	2087.53
2.617994	1.948085	-2.363031	71	71	64	2087.44
1.308997	1.134796	2.434290	78	4	59	2086.99
1.047198	1.982574	-1.115518	66	68	73	2086.67
0.785398	1.875281	0.107086	64	71	71	2086.63
-2.094395	1.488617	1.159546	70	8	66	2086.29
-2.617994	1.374601	-2.456031	5	79	61	2086.24
0.523599	1.948085	-2.363031	68	3	64	2086.04
-0.523599	1.732874	-0.951685	70	77	64	2085.93
0.523599	2.153910	-1.714959	7	72	11	2085.78
2.879793	1.824694	1.850876	2	0	61	2085.52
2.879793	1.014500	0.906702	73	13	69	2085.51
-1.047198	0.080730	-2.622036	63	7	2	2085.49
2.356194	1.683268	0.374177	78	78	61	2085.44
2.879793	1.574060	2.783565	68	12	73	2085.24
-1.047198	1.732874	-0.951685	70	69	67	2085.23
-2.094395	2.881233	-2.582574	63	4	74	2085.05
-2.356194	1.569311	-3.003978	77	2	58	2084.99
-1.308997	1.510910	-0.740472	71	12	70	2084.51
0.523599	1.870545	-2.976234	70	67	72	2084.47
1.570796	1.045978	0.343692	8	70	12	2083.95
2.356194	2.247462	0.191623	72	65	7	2083.91
1.570796	2.138223	1.678323	73	9	66	2083.86
-1.570796	1.869911	2.701025	73	75	62	2083.43
2.617994	1.214854	-1.966664	1	8	63	2083.10
1.308997	1.696674	-1.253233	75	6	63	2082.58
1.308997	1.870545	-2.976234	2	3	17	2082.39
-2.617994	1.256302	0.062705	78	13	68	2082.23
-2.879793	2.247462	0.191623	7	70	12	2081.16
2.094395	1.683268	0.374177	78	2	62	2080.48
-1.570796	2.063651	-2.044600	79	9	64	2080.26
-2.356194	2.984978	1.954446	77	4	60	2079.50
2.879793	2.592629	0.909713	71	74	65	2078.95
-2.094395	2.588535	-2.976617	73	7	63	2078.93
0.785398	1.869911	2.701025	70	71	61	2078.30
0.785398	1.506530	1.988858	5	2	16	2078.15
-1.832596	2.579248	-2.364801	15	1	68	2077.94
1.832596	2.407836	1.410646	6	65	8	2077.30
2.356194	1.247695	1.809890	79	67	10	2077.29
2.617994	0.619654	-2.216909	3	65	5	2077.20
-1.047198	0.866955	-0.931351	62	4	74	2077.14
0.000000	1.113094	-0.272241	72	78	61	2077.09
-0.785398	1.014500	0.906702	0	12	15	2076.87
-2.356194	1.450119	-2.739050	74	0	59	2076.51
-0.261799	1.506530	1.988858	68	8	62	2076.46
-0.261799	0.591903	2.010408	63	11	74	2076.16
1.308997	1.510910	-0.740472	8	70	9	2076.01
-0.785398	1.569311	-3.003978	72	78	59	2076.00
-2.617994	1.812176	0.656819	74	78	64	2075.86
0.000000	2.719179	-1.780644	6	13	14	2075.65
2.356194	2.393226	1.857173	65	79	67	2075.64
-1.570796	1.488617	1.159546	3	9	63	2075.59
-1.047198	1.242974	-2.977882	68	76	60	2075.49
-0.261799	1.662363	0.915448	0	74	64	2075.34
1.308997	1.569311	-3.003978	9	69	8	2074.87
1.308997	2.108018	1.311430	75	5	64	2074.60
2.879793	1.413430	2.550734	76	4	60	2074.27
1.047198	1.218453	2.777284	4	65	6	2074.05
-1.308997	1.766067	2.153843	78	12	62	2073.46
0.000000	1.448123	-2.163292	2	1	61	2073.12
0.785398	0.619654	-2.216909	67	5	63	2073.10
-2.356194	1.948085	-2.363031	65	9	68	2072.89
-1.570796	1.554776	0.100351	71	7	65	2072.36
1.047198	2.299159	2.264663	64	6	66	2072.26
-2.356194	1.045978	0.343692	2	67	11	2072.08
2.879793	2.063651	-2.044600	69	72	65	2072.07
-3.141593	2.881233	-2.582574	66	77	63	2071.81
-1.570796	2.343981	-1.040456	66	75	65	2071.70
2.094395	2.174483	2.653697	79	78	59	2071.69
1.832596	1.599406	1.426070	77	2	61	2071.56
0.785398	2.587733	0.232235	70	7	66	2071.33
2.356194	2.379497	0.561089	13	67	9	2071.30
-2.094395	1.658653	-2.409879	9	8	14	2071.04
2.879793	1.025536	1.576859	17	70	2	2071.00
-1.308997	2.719179	-1.780644	1	15	69	2070.92
-1.308997	1.756530	-2.105156	74	67	6	2070.67
-2.617994	1.948085	-2.363031	66	11	69	2070.63
2.094395	1.909857	-0.381669	79	11	65	2070.55
0.261799	2.592629	0.909713	75	69	12	2070.41
1.832596	0.640596	-2.797608	23	5	78	2070.15
1.047198	0.864993	2.278281	0	4	59	2070.12
-0.261799	1.417623	-0.202254	73	1	61	2069.30
-1.308997	0.866395	-2.492918	72	77	60	2068.84
-1.308997	1.699788	2.452890	74	68	7	2068.75
0.000000	0.899350	-2.069907	19	7	72	2068.61
0.785398	2.637879	2.121598	75	1	61	2068.45
-3.141593	0.458961	-0.107937	65	7	8	2068.44
-2.879793	2.379497	0.561089	16	13	1	2068.36
1.570796	0.080730	-2.622036	75	66	6	2068.36
-0.261799	2.180315	-1.357379	11	71	12	2068.01
-0.785398	2.979456	-1.009304	65	4	71	2067.64
0.523599	2.343981	-1.040456	9	69	9	2067.50
-0.785398	1.948085	-2.363031	0	7	62	2067.33
1.308997	0.929350	-2.910676	1	70	11	2067.14
1.047198	0.640596	-2.797608	66	2	62	2066.63
-2.356194	1.433411	-1.035986	76	14	69	2065.89
1.308997	2.404280	-0.174044	66	75	67	2065.48
-2.879793	2.073035	2.027405	72	0	64	2064.99
2.617994	1.050534	3.042579	73	64	5	2064.93
-2.356194	1.335669	0.897240	5	11	65	2064.59
1.047198	2.760637	2.781135	75	4	61	2064.14
-2.879793	2.063651	-2.044600	2	13	66	2063.91
-0.523599	2.343981	-1.040456	74	2	62	2063.50
-1.047198	0.733948	3.021411	61	3	67	2063.20
1.047198	1.696674	-1.253233	75	7	63	2062.86
-2.617994	1.214854	-1.966664	67	78	63	2062.71
-1.047198	1.658653	-2.409879	78	7	62	2062.64
-3.141593	1.218453	2.777284	67	11	73	2062.55
2.094395	1.741644	-2.695914	75	72	62	2062.53
-1.308997	2.588535	-2.976617	10	69	10	2062.42
-1.308997	1.310100	1.488307	67	9	67	2062.31
-0.523599	1.014500	0.906702	71	71	66	2062.24
1.570796	2.115563	0.685730	76	10	65	2062.09
-1.832596	1.736875	3.023612	71	71	63	2061.76
-0.523599	2.073035	2.027405	73	8	62	2061.66
2.879793	1.195355	1.200319	63	4	68	2061.53
-3.141593	1.545873	-1.877082	1	6	14	2061.37
1.047198	0.929350	-2.910676	79	69	10	2061.15
2.094395	1.809167	1.213774	77	78	62	2061.08
2.617994	2.719179	-1.780644	2	66	9	2060.95
-3.141593	0.496451	0.593859	74	16	70	2060.32
-2.617994	1.766067	2.153843	8	73	15	2060.31
-0.785398	2.187132	-0.479875	8	63	4	2060.30
0.261799	0.297065	2.160177	78	66	9	2060.01
-2.356194	1.310100	1.488307	70	7	66	2059.97
1.570796	1.574060	2.783565	73	6	60	2059.95
-2.879793	1.998705	2.370472	69	0	64	2059.88
-1.832596	1.555207	1.708892	0	16	66	2059.55
1.832596	1.014500	0.906702	6	18	76	2059.53
0.000000	1.836682	-0.676006	77	68	10	2059.44
1.047198	1.374601	-2.456031	1	66	6	2059.39
0.261799	0.615174	-0.666022	70	72	62	2059.10
2.617994	1.325504	-1.671296	78	13	65	2058.85
-0.261799	0.674054	1.013609	15	72	4	2058.83
-0.523599	0.866395	-2.492918	69	75	64	2058.77
1.308997	2.247462	0.191623	68	78	65	2058.70
0.000000	1.683268	0.374177	67	76	67	2058.54
1.308997	1.736875	3.023612	2	6	16	2058.40
0.523599	1.218453	2.777284	78	67	9	2057.76
-0.261799	2.153910	-1.714959	67	3	65	2057.51
2.879793	2.588535	-2.976617	17	4	75	2057.51
0.523599	1.846342	-1.796954	5	76	13	2057.40
0.785398	2.719179	-1.780644	71	65	4	2057.21
-1.047198	0.571433	-1.188419	70	71	10	2057.13
-0.785398	2.379497	0.561089	3	11	66	2057.05
-0.523599	2.108018	1.311430	5	5	63	2057.03
-2.879793	2.356369	3.005869	76	12	65	2056.91
-1.047198	0.674054	1.013609	8	0	15	2056.72
-1.570796	1.824694	1.850876	2	6	62	2056.36
2.094395	0.496451	0.593859	6	68	12	2056.28
2.356194	1.998705	2.370472	71	12	70	2056.23
2.356194	1.214854	-1.966664	18	5	76	2056.07
2.356194	2.251330	-2.330739	70	71	65	2055.66
-2.094395	1.135813	-2.658866	78	3	60	2055.47
0.523599	2.456751	-1.503343	70	75	64	2055.32
1.570796	2.637879	2.121598	2	75	61	2055.21
0.785398	2.295480	1.008277	79	65	10	2055.13
-2.094395	2.343981	-1.040456	72	79	63	2055.06
0.261799	2.187132	-0.479875	1	1	62	2055.00
-2.356194	1.599406	1.426070	5	14	67	2054.52
-1.047198	1.904882	-1.478089	70	74	64	2054.44
1.570796	1.448123	-2.163292	74	4	61	2054.38
-2.617994	1.904882	-1.478089	64	68	71	2054.16
1.570796	2.393226	1.857173	76	14	70	2053.95
-0.785398	1.732874	-0.951685	62	78	67	2053.64
-0.523599	2.393226	1.857173	73	10	64	2052.76
0.785398	1.194549	-0.801900	21	4	0	2052.55
2.879793	1.846342	-1.796954	4	74	63	2052.49
0.000000	2.455966	-0.641220	5	68	14	2052.30
0.000000	1.696674	-1.253233	2	77	62	2052.15
-1.308997	0.866955	-0.931351	67	73	9	2051.98
-3.141593	0.762244	-0.273349	64	9	7	2051.97
-1.047198	1.875281	0.107086	73	5	63	2051.95
-0.523599	1.909857	-0.381669	69	7	66	2051.57
1.047198	1.872854	1.543456	1	79	62	2051.52
2.879793	0.709924	0.218797	65	7	9	2051.47
1.570796	2.104282	-0.813972	67	67	71	2050.80
0.261799	1.617114	-1.572037	18	71	3	2050.45
-0.785398	2.588535	-2.976617	75	76	62	2050.17
-0.523599	1.617114	-1.572037	5	77	62	2049.89
2.094395	0.960688	-0.577532	4	78	15	2049.72
0.785398	1.440580	2.260026	6	64	4	2049.37
-3.141593	2.041297	-2.664597	11	68	8	2049.05
-2.356194	2.104282	-0.813972	71	71	65	2048.77
1.047198	1.658653	-2.409879	71	7	63	2048.77
0.261799	0.379747	-1.713059	1	8	61	2048.57
-1.832596	1.113094	-0.272241	71	11	69	2047.79
-0.261799	0.899350	-2.069907	10	69	8	2047.72
-1.047198	0.914445	2.687814	78	5	59	2046.72
0.785398	2.455966	-0.641220	8	67	9	2046.69
2.879793	1.506530	1.988858	1	2	61	2046.40
1.308997	1.242974	-2.977882	2	68	9	2046.26
1.047198	1.417623	-0.202254	9	73	14	2045.89
0.785398	2.073035	2.027405	65	6	64	2045.89
-2.879793	1.555207	1.708892	64	5	4	2045.50
-2.617994	2.174483	2.653697	3	66	10	2045.50
-2.094395	2.299159	2.264663	8	76	15	2045.44
-2.094395	1.433411	-1.035986	10	67	10	2045.43
2.617994	1.413430	2.550734	70	13	73	2045.29
-1.308997	2.164094	-2.991358	76	65	0	2045.08
-1.308997	2.299159	2.264663	78	0	61	2045.04
2.356194	0.203748	0.590255	75	0	60	2045.01
-1.832596	1.606104	-0.451151	73	10	66	2044.98
-0.523599	1.846342	-1.796954	4	5	62	2044.86
-1.308997	1.504028	0.636812	9	74	13	2044.85
-2.094395	1.218453	2.777284	64	12	2	2044.81
-1.308997	1.846342	-1.796954	78	77	61	2044.76
-0.785398	2.704512	1.488683	69	4	63	2044.76
1.832596	1.218453	2.777284	78	6	59	2044.67
-1.047198	0.640596	-2.797608	10	71	7	2044.60
-2.356194	1.504028	0.636812	66	79	66	2044.59
2.617994	2.379497	0.561089	66	72	67	2044.48
2.879793	1.335669	0.897240	11	74	14	2044.22
-3.141593	2.089241	-0.114193	17	79	76	2044.19
0.523599	1.824694	1.850876	3	75	63	2043.73
0.261799	1.367556	0.358405	71	72	67	2043.49
1.308997	1.325504	-1.671296	79	68	7	2043.05
0.523599	1.417623	-0.202254	76	72	65	2043.01
1.047198	1.824694	1.850876	77	9	63	2042.71
2.094395	2.343981	-1.040456	68	3	64	2042.64
0.785398	0.640596	-2.797608	76	4	60	2042.63
-1.570796	1.195355	1.200319	3	3	60	2042.57
-1.308997	0.203748	0.590255	1	67	7	2042.45
1.308997	1.545873	-1.877082	2	63	0	2042.38
1.570796	0.961715	0.014085	67	5	63	2042.06
-2.094395	1.606104	-0.451151	63	9	3	2041.93
0.261799	2.153910	-1.714959	68	1	64	2041.93
-0.785398	0.615174	-0.666022	79	2	60	2041.53
-2.617994	1.617114	-1.572037	1	7	63	2041.48
1.308997	1.488617	1.159546	3	17	70	2041.36
2.879793	1.134796	2.434290	64	8	76	2040.78
-2.094395	0.850607	-1.335383	6	65	8	2040.77
2.617994	2.115563	0.685730	11	7	15	2040.62
0.000000	0.866395	-2.492918	69	74	64	2040.37
-0.261799	1.766067	2.153843	70	10	62	2040.31
-2.617994	1.135813	-2.658866	78	1	59	2040.26
0.000000	2.579248	-2.364801	5	12	15	2040.11
0.000000	1.417623	-0.202254	73	72	65	2040.05
-1.570796	0.458961	-0.107937	65	8	75	2039.92
0.261799	1.824694	1.850876	2	75	63	2039.53
0.523599	1.450119	-2.739050	73	76	61	2039.52
1.308997	1.214854	-1.966664	77	70	10	2039.46
-2.879793	1.050534	3.042579	16	11	75	2039.46
2.879793	2.407836	1.410646	68	75	66	2039.09
-0.523599	1.045978	0.343692	8	76	61	2039.09
-1.570796	1.875281	0.107086	4	1	62	2038.73
0.523599	2.478122	2.609777	0	16	67	2038.34
0.785398	2.704512	1.488683	9	67	5	2038.20
1.832596	2.251330	-2.330739	8	73	14	2038.11
0.000000	1.135813	-2.658866	67	76	64	2037.66
-2.094395	0.591903	2.010408	9	6	14	2037.64
-2.356194	0.591903	2.010408	71	18	79	2037.55
2.617994	1.488617	1.159546	64	6	68	2037.45
-2.879793	1.699788	2.452890	67	2	65	2036.70
1.308997	1.766067	2.153843	77	2	60	2036.44
-2.879793	0.709924	0.218797	64	9	4	2036.39
2.879793	2.073035	2.027405	64	0	68	2036.39
2.879793	2.863997	0.549740	3	68	13	2036.36
-1.832596	1.367556	0.358405	78	76	61	2036.32
2.094395	1.014500	0.906702	63	6	67	2036.18
-2.879793	1.736875	3.023612	72	73	60	2035.16
-2.094395	0.961715	0.014085	74	8	62	2034.84
2.356194	1.168678	2.108595	1	71	12	2034.44
2.879793	0.899350	-2.069907	1	8	63	2034.23
-2.879793	2.295480	1.008277	9	70	12	2034.19
-2.879793	2.760637	2.781135	77	79	60	2033.68
1.570796	0.992645	-1.723759	1	65	4	2033.56
-2.356194	1.325504	-1.671296	9	69	10	2033.45
-2.094395	0.615174	-0.666022	64	8	77	2033.44
-2.617994	2.407836	1.410646	63	6	1	2033.27
-2.617994	1.545873	-1.877082	4	2	63	2033.21
-2.356194	1.184361	0.625864	8	75	14	2033.08
-1.047198	1.374601	-2.456031	1	70	9	2033.07
1.832596	0.961715	0.014085	67	4	62	2033.00
2.356194	0.914445	2.687814	9	68	5	2033.00
-1.308997	1.599406	1.426070	69	10	67	2032.91
-1.570796	0.290380	-0.796960	1	2	60	2032.68
-1.047198	1.617114	-1.572037	10	70	11	2032.49
1.570796	2.724429	-0.348782	2	9	63	2032.38
-3.141593	1.998705	2.370472	7	9	62	2032.38
-0.785398	1.696674	-1.253233	68	79	64	2032.30
2.617994	0.831641	0.616218	64	3	65	2032.17
0.261799	1.555207	1.708892	9	75	66	2032.11
2.094395	2.251330	-2.330739	8	73	15	2031.60
0.785398	0.203748	0.590255	79	8	61	2031.30
-2.879793	1.824694	1.850876	72	2	63	2031.17
0.785398	0.080730	-2.622036	64	10	77	2030.85
2.356194	1.128190	-2.288622	78	1	60	2030.77
2.094395	1.135834	-1.431087	1	14	67	2030.15
-0.523599	0.080730	-2.622036	4	65	10	2030.12
1.047198	1.998705	2.370472	76	3	61	2029.99
-0.785398	0.379747	-1.713059	6	13	8	2029.77
-2.617994	2.664082	-1.071402	9	66	8	2029.53
2.094395	0.762244	-0.273349	71	3	61	2029.34
0.261799	1.909857	-0.381669	67	9	66	2029.32
0.261799	0.906588	1.252948	79	16	66	2029.10
-0.261799	1.599406	1.426070	69	74	66	2028.93
1.047198	1.450119	-2.739050	74	76	61	2028.81
2.617994	2.984978	1.954446	63	3	71	2028.74
-2.094395	1.256302	0.062705	77	6	62	2028.61
0.523599	1.413430	2.550734	77	78	58	2028.45
2.094395	2.138223	1.678323	7	67	9	2028.44
-2.094395	1.168678	2.108595	69	4	63	2028.38
-2.879793	1.413430	2.550734	70	78	61	2028.37
2.356194	0.640596	-2.797608	79	9	60	2028.26
-3.141593	1.242974	-2.977882	65	10	77	2028.23
1.832596	1.756530	-2.105156	62	0	66	2027.83
-3.141593	1.875281	0.107086	7	76	64	2027.66
2.879793	2.984978	1.954446	9	7	63	2027.33
0.000000	2.396274	-1.959260	64	5	68	2027.30
2.879793	1.662363	0.915448	65	3	67	2027.21
2.356194	1.113094	-0.272241	66	13	76	2027.17
-1.047198	1.391910	3.030322	69	70	63	2027.16
-1.308997	2.089241	-0.114193	6	8	64	2027.12
-2.356194	2.299159	2.264663	6	65	9	2026.99
-2.094395	2.089241	-0.114193	8	14	13	2026.55
-1.832596	2.001437	0.381215	4	76	63	2026.55
2.356194	2.187132	-0.479875	1	15	68	2026.37
1.832596	2.295480	1.008277	74	74	64	2026.20
-2.094395	2.579248	-2.364801	15	79	68	2026.07
-0.785398	2.251330	-2.330739	10	73	12	2025.82
1.047198	2.984978	1.954446	67	77	62	2025.66
2.879793	2.089241	-0.114193	75	0	61	2025.60
2.879793	1.699788	2.452890	68	79	62	2025.51
0.523599	1.510910	-0.740472	69	18	79	2025.48
2.879793	1.617114	-1.572037	76	5	62	2025.24
-1.047198	0.910508	1.903534	7	68	8	2025.08
-2.356194	1.699788	2.452890	68	79	12	2024.92
-3.141593	2.393226	1.857173	11	66	6	2024.74
1.047198	1.756530	-2.105156	72	11	64	2024.27
0.261799	2.724429	-0.348782	19	0	75	2024.10
1.570796	1.809167	1.213774	79	17	72	2024.07
-3.141593	1.128190	-2.288622	74	6	61	2023.96
1.308997	0.419640	2.974122	67	0	62	2023.62
-2.879793	2.984978	1.954446	9	8	62	2023.55
0.785398	1.128190	-2.288622	7	3	61	2023.49
-1.308997	2.478122	2.609777	76	69	12	2023.49
-2.879793	1.135813	-2.658866	78	79	59	2023.37
-0.523599	1.872854	1.543456	69	77	64	2023.06
-1.570796	1.413347	-1.339188	7	67	12	2022.78
1.570796	0.709924	0.218797	69	5	62	2022.47
-2.617994	1.909857	-0.381669	70	1	63	2022.45
-2.617994	1.113094	-0.272241	74	66	9	2022.26
-1.832596	1.836682	-0.676006	74	10	65	2022.16
-1.308997	0.831641	0.616218	73	72	12	2022.02
1.570796	1.256302	0.062705	75	0	60	2020.87
2.617994	2.073035	2.027405	7	78	62	2020.73
2.617994	1.045978	0.343692	65	2	63	2020.66
-1.047198	2.001437	0.381215	77	71	14	2020.56
1.570796	1.875281	0.107086	63	11	76	2020.39
-2.879793	0.571433	-1.188419	68	12	71	2019.31
0.523599	0.709924	0.218797	78	3	60	2019.21
0.785398	1.658653	-2.409879	1	9	61	2019.18
-1.570796	1.367556	0.358405	8	72	12	2018.97
1.832596	0.571433	-1.188419	77	69	9	2018.88
1.570796	1.662363	0.915448	79	13	66	2018.85
0.000000	1.872854	1.543456	57	1	70	2018.58
1.570796	1.948085	-2.363031	70	6	61	2018.49
0.523599	1.606104	-0.451151	74	71	66	2018.38
0.785398	2.033014	2.977192	15	8	74	2018.37
1.832596	2.115563	0.685730	63	12	2	2018.31
1.308997	0.640596	-2.797608	9	71	10	2018.23
-1.308997	1.242974	-2.977882	67	76	60	2018.15
1.047198	2.104282	-0.813972	66	70	70	2018.11
0.785398	2.984978	1.954446	75	75	61	2018.11
0.523599	1.214854	-1.966664	79	70	64	2018.03
1.570796	2.356369	3.005869	59	3	68	2018.00
-1.308997	2.664082	-1.071402	5	2	63	2017.89
-0.785398	2.760637	2.781135	65	12	1	2017.65
0.261799	1.128190	-2.288622	18	10	72	2017.40
0.000000	1.134796	2.434290	3	0	16	2017.33
-1.308997	2.295480	1.008277	9	71	12	2017.28
0.261799	2.456751	-1.503343	79	75	62	2017.19
-0.261799	1.617114	-1.572037	6	78	63	2017.05
-2.094395	0.709924	0.218797	67	9	71	2016.84
-0.523599	0.700570	1.559208	17	3	70	2016.80
-0.523599	1.756530	-2.105156	0	67	7	2016.72
2.879793	0.640596	-2.797608	77	8	60	2016.68
1.570796	0.640596	-2.797608	78	66	7	2016.53
-2.094395	1.998705	2.370472	7	74	15	2016.49
0.523599	1.998705	2.370472	10	69	7	2016.32
0.000000	2.299159	2.264663	72	66	4	2015.40
2.094395	0.910508	1.903534	77	66	7	2015.10
1.308997	2.299159	2.264663	66	15	78	2015.06
-1.308997	2.637879	2.121598	76	11	61	2015.00
-1.832596	2.153910	-1.714959	10	69	11	2014.45
1.570796	1.870545	-2.976234	2	2	17	2014.37
0.000000	0.831641	0.616218	19	8	75	2014.24
-0.261799	0.960688	-0.577532	0	5	60	2014.18
-1.832596	1.128190	-2.288622	75	63	2	2013.68
0.523599	2.138223	1.678323	78	2	62	2013.66
-0.785398	2.664082	-1.071402	5	1	63	2013.24
-1.047198	0.929350	-2.910676	64	79	64	2013.16
-1.570796	0.685216	-1.712745	8	65	6	2012.86
-1.570796	2.588535	-2.976617	8	69	11	2012.84
-2.356194	1.617114	-1.572037	66	69	67	2012.80
0.000000	1.374601	-2.456031	11	78	61	2012.45
-0.261799	1.736875	3.023612	65	11	70	2012.36
-1.570796	2.664082	-1.071402	6	68	12	2012.28
-0.785398	0.619654	-2.216909	3	67	10	2011.14
1.570796	2.881233	-2.582574	69	66	75	2010.97
2.356194	1.658653	-2.409879	67	3	61	2010.88
-3.141593	1.413347	-1.339188	0	9	64	2010.83
2.879793	1.448123	-2.163292	68	3	61	2009.68
2.094395	0.992645	-1.723759	8	65	2	2009.60
-2.879793	1.256302	0.062705	68	11	69	2009.17
2.094395	2.407836	1.410646	65	13	5	2008.83
1.570796	2.455966	-0.641220	79	9	64	2008.67
-2.356194	1.194549	-0.801900	9	15	72	2008.64
1.047198	0.961715	0.014085	10	74	14	2008.42
-2.094395	2.164094	-2.991358	72	13	68	2008.30
0.523599	2.984978	1.954446	67	65	75	2008.29
0.000000	0.914445	2.687814	8	16	8	2008.24
1.047198	0.674054	1.013609	61	7	0	2008.09
-1.570796	2.724429	-0.348782	67	64	78	2007.94
1.308997	1.413430	2.550734	2	79	59	2007.89
2.879793	2.349581	-2.702517	17	3	74	2006.80
-0.261799	2.108018	1.311430	57	4	73	2006.77
2.356194	0.591903	2.010408	22	1	76	2006.65
-0.785398	0.496451	0.593859	79	7	61	2006.59
-1.047198	1.050534	3.042579	1	3	58	2006.56
-2.356194	1.242974	-2.977882	8	74	14	2006.32
-0.261799	1.606104	-0.451151	72	73	64	2006.12
2.094395	2.456751	-1.503343	8	5	63	2005.72
0.261799	1.812176	0.656819	3	76	63	2005.59
-3.141593	1.214854	-1.966664	62	3	65	2005.39
2.879793	1.450119	-2.739050	9	5	13	2005.25
2.094395	1.488617	1.159546	9	70	13	2005.22
-0.261799	1.256302	0.062705	76	79	60	2004.92
-2.094395	1.812176	0.656819	7	9	65	2004.90
2.617994	1.242974	-2.977882	6	2	15	2004.86
2.617994	1.128190	-2.288622	73	7	62	2004.69
-1.308997	1.736875	3.023612	63	7	79	2004.15
0.000000	0.864993	2.278281	76	66	9	2004.10
-0.261799	2.863997	0.549740	77	67	11	2003.78
-0.523599	0.458961	-0.107937	4	70	11	2003.71
-1.570796	1.599406	1.426070	70	11	67	2003.59
-1.308997	0.674054	1.013609	69	16	75	2003.44
-2.094395	0.762244	-0.273349	62	6	74	2003.13
-0.523599	1.214854	-1.966664	8	69	8	2003.11
-1.570796	1.134796	2.434290	2	6	59	2002.90
-0.785398	1.555207	1.708892	4	3	61	2002.48
1.832596	1.998705	2.370472	6	66	7	2002.28
-2.879793	0.960688	-0.577532	6	68	12	2002.27
1.832596	2.587733	0.232235	64	75	68	2002.27
2.617994	0.910508	1.903534	22	3	75	2002.26
2.356194	0.762244	-0.273349	67	14	74	2002.07
2.094395	0.733948	3.021411	4	67	8	2002.01
2.879793	2.393226	1.857173	74	77	63	2002.00
-0.523599	2.247462	0.191623	70	9	67	2001.93
1.832596	0.866395	-2.492918	0	7	60	2001.79
-2.879793	0.290380	-0.796960	65	10	73	2001.69
-2.094395	1.448123	-2.163292	5	1	61	2001.47
-0.523599	2.579248	-2.364801	8	13	13	2001.33
-1.832596	0.203748	0.590255	63	5	78	2001.21
2.094395	1.413430	2.550734	77	3	59	2001.05
0.785398	1.413430	2.550734	68	16	73	2000.97
-1.832596	2.979456	-1.009304	64	77	64	2000.96
-0.785398	0.850607	-1.335383	0	14	65	2000.89
1.047198	2.704512	1.488683	75	13	70	2000.84
2.356194	2.063651	-2.044600	69	75	64	2000.74
-1.047198	1.417623	-0.202254	69	3	64	2000.55
2.356194	1.555207	1.708892	12	65	3	2000.41
0.000000	1.025536	1.576859	69	68	69	2000.21
-2.617994	1.658653	-2.409879	63	6	71	2000.15
1.832596	1.658653	-2.409879	71	5	61	1999.72
1.570796	1.741644	-2.695914	70	77	61	1999.70
0.785398	1.699788	2.452890	68	17	76	1999.56
2.356194	1.812176	0.656819	77	1	63	1998.82
-1.570796	2.984978	1.954446	79	0	60	1998.79
-2.094395	1.904882	-1.478089	79	6	63	1998.71
-0.785398	1.184361	0.625864	71	74	64	1998.41
0.000000	1.554776	0.100351	76	74	64	1998.26
1.570796	1.658653	-2.409879	71	1	61	1998.05
-1.570796	2.041297	-2.664597	8	68	10	1997.99
1.308997	0.591903	2.010408	3	17	3	1997.97
-2.356194	0.379747	-1.713059	68	12	72	1997.88
0.523599	2.115563	0.685730	77	7	64	1997.66
-0.523599	1.555207	1.708892	4	68	8	1997.47
1.047198	1.736875	3.023612	1	6	17	1997.17
0.000000	1.909857	-0.381669	69	10	66	1997.15
1.047198	1.256302	0.062705	65	9	68	1996.92
0.523599	0.850607	-1.335383	2	7	60	1996.68
-0.261799	1.683268	0.374177	77	75	63	1996.42
-2.879793	1.599406	1.426070	64	8	3	1996.01
1.047198	1.948085	-2.363031	69	9	64	1995.89
0.523599	1.555207	1.708892	68	74	63	1995.33
2.879793	1.909857	-0.381669	17	79	77	1995.06
1.570796	2.587733	0.232235	64	76	68	1994.49
1.570796	2.984978	1.954446	0	74	61	1994.31
1.308997	0.960688	-0.577532	5	1	17	1994.13
-1.832596	1.574060	2.783565	70	75	62	1994.06
2.617994	2.349581	-2.702517	65	67	70	1994.03
1.570796	2.863997	0.549740	63	0	69	1993.87
-0.261799	1.977582	0.969896	4	66	7	1993.70
0.261799	2.863997	0.549740	5	14	68	1993.61
1.308997	1.195355	1.200319	1	19	71	1992.55
-1.047198	2.349581	-2.702517	11	70	10	1992.45
1.308997	2.407836	1.410646	6	66	8	1992.39
-1.832596	0.418037	1.360082	1	7	60	1992.17
-3.141593	2.251330	-2.330739	65	11	0	1992.15
1.047198	0.619654	-2.216909	67	4	63	1992.14
-2.094395	1.417623	-0.202254	74	10	67	1992.01
0.261799	1.413430	2.550734	16	7	71	1991.92
0.523599	1.977582	0.969896	4	2	63	1991.49
0.261799	0.591903	2.010408	0	5	60	1991.18
-0.261799	2.587733	0.232235	5	72	14	1990.79
0.261799	0.866395	-2.492918	70	73	64	1990.46
-2.094395	0.929350	-2.910676	8	76	13	1990.19
2.879793	2.001437	0.381215	3	75	63	1990.14
-1.832596	1.599406	1.426070	73	5	63	1990.02
0.000000	0.290380	-0.796960	5	70	11	1989.60
0.785398	0.419640	2.974122	18	3	70	1989.59
-2.879793	1.247695	1.809890	68	9	69	1989.59
-0.523599	1.242974	-2.977882	13	69	1	1989.31
2.617994	1.875281	0.107086	76	71	62	1989.19
0.785398	0.297065	2.160177	7	18	1	1989.15
0.523599	0.640596	-2.797608	69	70	65	1989.14
2.879793	2.153910	-1.714959	67	73	65	1989.00
0.000000	2.138223	1.678323	68	3	64	1988.84
1.570796	0.496451	0.593859	4	68	10	1988.21
-2.356194	1.909857	-0.381669	8	72	14	1988.14
2.879793	1.555207	1.708892	62	4	73	1987.96
-1.832596	1.824694	1.850876	11	69	9	1987.58
-2.879793	1.766067	2.153843	69	2	64	1987.45
-2.356194	1.869911	2.701025	2	11	60	1987.45
2.094395	2.724429	-0.348782	68	12	73	1987.42
-1.570796	2.180315	-1.357379	64	77	67	1987.33
1.570796	1.555207	1.708892	77	3	61	1987.18
-2.879793	1.836682	-0.676006	14	79	66	1986.75
0.523599	2.174483	2.653697	0	14	64	1986.67
1.308997	1.824694	1.850876	76	11	65	1986.46
-2.094395	1.875281	0.107086	0	0	62	1986.09
1.308997	2.115563	0.685730	17	9	79	1986.05
-0.785398	1.977582	0.969896	1	70	10	1985.89
-1.047198	1.335669	0.897240	64	77	67	1985.84
-0.523599	2.187132	-0.479875	68	8	69	1985.67
-1.308997	2.407836	1.410646	8	77	65	1985.61
2.617994	1.417623	-0.202254	64	9	76	1985.47
2.617994	1.617114	-1.572037	78	3	61	1985.30
-2.879793	0.914445	2.687814	1	13	62	1984.95
0.523599	1.506530	1.988858	5	64	4	1984.71
2.879793	0.864993	2.278281	70	3	60	1984.52
0.000000	1.812176	0.656819	1	76	63	1984.51
-0.523599	1.699788	2.452890	74	9	60	1984.51
2.094395	2.379497	0.561089	73	65	8	1984.48
0.785398	2.393226	1.857173	7	66	5	1984.26
-1.570796	1.812176	0.656819	73	3	63	1983.96
-2.094395	1.242974	-2.977882	9	76	14	1983.87
1.308997	1.756530	-2.105156	71	10	64	1983.80
0.000000	1.335669	0.897240	74	73	65	1983.62
-1.832596	0.864993	2.278281	12	64	78	1983.43
-0.261799	2.704512	1.488683	71	1	63	1983.25
2.094395	1.696674	-1.253233	76	3	62	1983.22
2.879793	1.872854	1.543456	62	3	73	1983.11
-1.308997	0.910508	1.903534	14	67	76	1983.04
0.523599	2.041297	-2.664597	78	72	14	1982.98
1.832596	2.455966	-0.641220	69	78	63	1982.84
-2.617994	2.343981	-1.040456	70	2	63	1982.83
-3.141593	1.617114	-1.572037	76	5	62	1982.72
1.308997	1.554776	0.100351	62	8	71	1982.69
-0.261799	2.379497	0.561089	70	9	67	1982.45
2.879793	2.704512	1.488683	64	7	71	1982.40
0.785398	1.134796	2.434290	69	15	70	1981.90
2.356194	1.504028	0.636812	79	7	63	1981.79
-2.094395	1.325504	-1.671296	73	65	8	1981.77
2.094395	1.545873	-1.877082	63	1	65	1981.76
-3.141593	1.050534	3.042579	77	63	6	1981.59
-2.879793	1.574060	2.783565	10	67	7	1981.45
1.832596	0.615174	-0.666022	3	64	1	1981.36
1.047198	0.700570	1.559208	66	3	63	1981.35
0.261799	0.080730	-2.622036	78	4	60	1981.19
2.617994	1.335669	0.897240	10	72	14	1981.13
-3.141593	2.356369	3.005869	78	12	65	1980.99
0.785398	1.555207	1.708892	15	9	74	1980.90
-2.879793	0.992645	-1.723759	67	0	63	1980.85
2.094395	0.619654	-2.216909	71	20	76	1980.67
-0.523599	0.379747	-1.713059	1	7	61	1980.66
2.094395	2.404280	-0.174044	78	71	65	1980.62
1.308997	2.033014	2.977192	3	6	17	1980.48
-1.308997	0.618092	2.539118	77	5	59	1980.47
-1.832596	0.762244	-0.273349	62	4	73	1980.34
-0.261799	1.184361	0.625864	68	72	69	1980.24
1.570796	1.554776	0.100351	74	76	61	1980.14
1.047198	1.809167	1.213774	0	76	63	1980.14
1.308997	0.864993	2.278281	8	74	13	1979.90
-1.832596	2.984978	1.954446	78	1	60	1979.73
-3.141593	1.168678	2.108595	66	9	72	1979.69
2.617994	1.134796	2.434290	1	0	58	1979.66
0.261799	1.450119	-2.739050	66	79	64	1979.63
-2.356194	1.391910	3.030322	5	73	15	1979.41
-2.879793	1.128190	-2.288622	64	3	63	1979.31
1.832596	1.050534	3.042579	0	4	58	1979.24
-2.617994	1.836682	-0.676006	74	2	62	1979.16
-2.094395	2.984978	1.954446	77	3	60	1979.13
-2.879793	1.045978	0.343692	79	13	69	1978.96
-2.617994	2.295480	1.008277	8	67	9	1978.94
-1.570796	2.579248	-2.364801	72	8	64	1978.82
-0.523599	2.455966	-0.641220	67	69	67	1978.77
-2.356194	1.836682	-0.676006	7	70	14	1978.77
-2.356194	2.456751	-1.503343	75	0	61	1978.52
0.000000	2.251330	-2.330739	6	15	12	1978.46
2.356194	1.195355	1.200319	3	69	13	1978.44
-0.523599	1.809167	1.213774	68	77	65	1977.96
-0.261799	2.063651	-2.044600	67	9	67	1977.95
2.879793	1.433411	-1.035986	79	15	13	1977.92
2.356194	1.696674	-1.253233	62	9	73	1977.63
1.570796	1.683268	0.374177	9	6	65	1977.47
-1.832596	1.135813	-2.658866	78	6	62	1977.33
2.617994	0.866395	-2.492918	75	8	61	1977.30
2.879793	2.881233	-2.582574	63	5	71	1977.21
-2.356194	2.089241	-0.114193	1	79	62	1977.07
1.047198	1.870545	-2.976234	2	2	17	1977.06
0.000000	1.184361	0.625864	70	71	68	1977.03
-2.617994	0.914445	2.687814	65	3	63	1976.85
2.356194	1.448123	-2.163292	18	3	75	1976.76
-1.570796	2.478122	2.609777	73	79	61	1975.77
0.785398	1.450119	-2.739050	74	76	60	1975.58
-2.356194	0.929350	-2.910676	8	73	12	1975.51
-1.047198	2.760637	2.781135	0	9	60	1975.27
-0.261799	2.724429	-0.348782	7	64	8	1974.90
0.000000	0.618092	2.539118	11	17	5	1974.77
-2.617994	1.606104	-0.451151	78	11	66	1974.73
-0.261799	1.504028	0.636812	77	74	64	1974.27
2.617994	2.138223	1.678323	63	7	74	1974.06
0.785398	2.108018	1.311430	76	1	63	1973.65
0.785398	2.456751	-1.503343	67	3	65	1973.54
0.261799	2.396274	-1.959260	68	74	65	1973.46
-2.879793	1.374601	-2.456031	4	79	61	1973.41
0.000000	2.153910	-1.714959	70	74	64	1973.39
2.356194	0.571433	-1.188419	3	69	8	1973.38
2.879793	2.174483	2.653697	68	11	77	1973.36
2.879793	2.041297	-2.664597	9	67	7	1973.27
0.261799	1.606104	-0.451151	67	8	64	1973.26
-2.094395	1.696674	-1.253233	8	67	11	1973.22
-2.094395	1.766067	2.153843	4	2	60	1973.19
-0.523599	1.506530	1.988858	69	9	62	1972.88
1.308997	0.379747	-1.713059	67	5	63	1972.79
-3.141593	1.736875	3.023612	3	67	11	1972.72
0.523599	2.592629	0.909713	64	1	68	1972.62
1.570796	1.134497	-1.109631	1	2	60	1972.58
2.879793	0.297065	2.160177	77	67	8	1972.33
0.523599	0.618092	2.539118	1	8	61	1972.25
1.047198	1.836682	-0.676006	68	71	67	1972.05
-1.570796	2.138223	1.678323	0	15	65	1971.85
-1.308997	1.982574	-1.115518	71	72	64	1971.61
-1.047198	1.450119	-2.739050	5	9	63	1971.61
-2.356194	2.979456	-1.009304	73	77	61	1971.44
1.308997	0.685216	-1.712745	65	5	64	1971.35
2.094395	2.592629	0.909713	63	78	68	1971.03
-1.308997	1.812176	0.656819	74	8	65	1971.01
0.000000	1.168678	2.108595	6	78	14	1970.51
-2.094395	0.899350	-2.069907	64	76	65	1970.42
-2.879793	1.391910	3.030322	71	17	72	1970.27
-2.617994	1.699788	2.452890	67	1	65	1970.20
2.094395	0.571433	-1.188419	0	68	8	1970.15
-0.785398	0.866395	-2.492918	5	79	60	1969.86
0.000000	2.073035	2.027405	1	2	62	1969.62
0.000000	2.637879	2.121598	72	9	63	1969.47
-2.879793	1.504028	0.636812	70	79	63	1969.01
-2.094395	2.393226	1.857173	64	5	7	1969.01
1.308997	1.506530	1.988858	3	3	17	1968.96
-1.570796	0.700570	1.559208	7	4	15	1968.86
2.094395	2.349581	-2.702517	70	69	66	1968.83
-3.141593	2.456751	-1.503343	72	5	61	1968.66
-2.356194	1.440580	2.260026	6	6	15	1968.17
-3.141593	0.960688	-0.577532	64	78	11	1968.06
2.879793	1.374601	-2.456031	75	4	60	1967.94
-1.570796	1.756530	-2.105156	76	9	65	1967.88
2.617994	2.863997	0.549740	79	11	63	1967.82
1.308997	0.700570	1.559208	65	1	63	1967.55
-1.047198	0.864993	2.278281	66	15	73	1967.52
-1.832596	0.674054	1.013609	8	73	11	1967.49
-2.356194	0.850607	-1.335383	6	1	15	1967.45
1.308997	2.455966	-0.641220	9	8	64	1967.22
-1.308997	1.168678	2.108595	15	68	1	1967.01
-0.785398	2.863997	0.549740	67	64	78	1966.68
-0.261799	2.719179	-1.780644	79	2	60	1966.50
-3.141593	1.872854	1.543456	3	4	63	1966.11
-3.141593	2.379497	0.561089	64	8	4	1965.89
1.308997	2.979456	-1.009304	67	79	65	1965.86
-1.308997	1.658653	-2.409879	11	67	6	1965.57
-2.356194	1.574060	2.783565	73	76	60	1965.21
-1.832596	0.615174	-0.666022	2	78	60	1965.16
2.094395	1.417623	-0.202254	11	2	66	1965.05
1.832596	0.619654	-2.216909	68	2	61	1964.68
-3.141593	0.080730	-2.622036	2	7	60	1964.52
0.000000	2.704512	1.488683	77	11	66	1963.76
1.832596	2.299159	2.264663	73	12	69	1963.63
1.308997	1.809167	1.213774	1	75	63	1963.53
-0.261799	1.574060	2.783565	79	8	60	1963.32
-0.261799	1.310100	1.488307	69	72	67	1963.31
-1.308997	2.180315	-1.357379	70	4	64	1963.24
-0.261799	1.554776	0.100351	77	2	60	1962.91
1.047198	0.591903	2.010408	5	17	3	1962.84
-1.832596	1.413347	-1.339188	73	15	73	1962.69
2.879793	2.115563	0.685730	65	0	65	1962.43
1.308997	2.760637	2.781135	68	66	72	1962.36
-0.261799	0.685216	-1.712745	68	1	61	1962.31
-0.261799	0.910508	1.903534	7	0	15	1962.21
-1.308997	0.864993	2.278281	6	70	10	1962.21
2.094395	1.504028	0.636812	78	7	63	1962.17
2.094395	0.615174	-0.666022	5	67	6	1961.68
1.570796	1.869911	2.701025	0	5	60	1961.60
0.000000	1.545873	-1.877082	2	1	61	1961.30
2.617994	1.545873	-1.877082	61	6	67	1961.26
0.523599	1.135813	-2.658866	74	6	61	1961.14
2.879793	2.138223	1.678323	66	78	66	1961.04
1.570796	2.664082	-1.071402	71	64	1	1960.93
-0.785398	2.153910	-1.714959	3	1	61	1960.54
-0.261799	2.251330	-2.330739	66	9	70	1960.14
-0.523599	0.674054	1.013609	13	71	6	1959.99
-1.832596	2.396274	-1.959260	2	7	64	1959.59
1.308997	1.732874	-0.951685	76	9	63	1959.24
0.261799	1.417623	-0.202254	75	72	65	1959.07
0.261799	2.295480	1.008277	1	9	65	1958.11
-3.141593	1.310100	1.488307	65	10	1	1957.91
-0.523599	1.195355	1.200319	67	5	63	1957.87
1.047198	1.606104	-0.451151	75	70	66	1957.72
-1.570796	0.297065	2.160177	77	5	60	1957.45
-1.832596	1.554776	0.100351	1	0	61	1957.39
1.570796	2.033014	2.977192	61	6	6	1957.33
-1.047198	1.310100	1.488307	0	10	61	1957.23
-1.570796	0.906588	1.252948	7	1	15	1957.18
-1.570796	1.218453	2.777284	66	75	62	1957.13
0.261799	1.836682	-0.676006	73	74	63	1956.85
-1.308997	1.662363	0.915448	7	67	9	1956.38
0.523599	0.203748	0.590255	67	79	61	1956.35
-1.832596	1.450119	-2.739050	75	79	59	1956.26
-1.570796	2.379497	0.561089	8	3	65	1956.23
-2.094395	0.866955	-0.931351	64	9	77	1956.03
1.047198	1.545873	-1.877082	75	12	64	1955.88
1.570796	2.063651	-2.044600	60	3	69	1955.79
-0.785398	2.138223	1.678323	2	17	68	1955.76
1.832596	1.450119	-2.739050	66	76	63	1955.66
2.094395	1.510910	-0.740472	11	79	65	1955.55
-2.094395	1.824694	1.850876	3	12	64	1954.86
1.832596	1.448123	-2.163292	73	7	62	1954.82
1.308997	1.367556	0.358405	75	5	61	1954.38
-1.832596	2.379497	0.561089	10	65	4	1954.21
-0.785398	1.909857	-0.381669	70	7	66	1954.14
-2.356194	2.478122	2.609777	4	68	12	1953.96
-0.261799	2.456751	-1.503343	12	70	10	1953.67
1.047198	1.510910	-0.740472	70	70	67	1953.53
1.308997	1.050534	3.042579	1	71	11	1953.45
0.523599	2.724429	-0.348782	10	0	64	1953.42
0.523599	2.063651	-2.044600	70	6	64	1953.39
0.261799	1.391910	3.030322	79	6	59	1953.24
-1.308997	1.325504	-1.671296	73	75	62	1953.17
2.094395	1.982574	-1.115518	1	4	63	1953.11
-0.523599	2.115563	0.685730	72	8	65	1952.43
0.261799	2.979456	-1.009304	69	8	67	1952.43
1.570796	2.089241	-0.114193	76	78	61	1951.79
0.261799	1.599406	1.426070	1	73	64	1951.75
-1.308997	0.733948	3.021411	63	70	66	1951.71
-2.617994	2.033014	2.977192	7	70	12	1951.40
2.356194	1.699788	2.452890	4	0	59	1951.24
1.832596	1.214854	-1.966664	77	3	60	1951.14
2.879793	2.295480	1.008277	62	2	69	1951.06
2.094395	1.374601	-2.456031	66	77	62	1950.73
2.356194	0.618092	2.539118	10	70	9	1950.50
-1.047198	1.809167	1.213774	76	78	63	1950.49
-2.094395	1.014500	0.906702	69	8	70	1950.30
-2.879793	0.080730	-2.622036	1	7	60	1950.06
-2.879793	1.870545	-2.976234	11	66	5	1949.91
2.879793	1.696674	-1.253233	1	8	64	1949.76
-2.617994	2.863997	0.549740	74	65	8	1949.43
1.308997	1.948085	-2.363031	3	72	13	1949.29
0.261799	2.251330	-2.330739	72	69	7	1948.93
1.832596	1.440580	2.260026	4	76	15	1948.76
1.047198	0.419640	2.974122	64	3	65	1948.60
-0.261799	0.203748	0.590255	77	6	60	1948.56
1.308997	2.478122	2.609777	71	64	79	1948.43
-2.879793	2.588535	-2.976617	65	7	77	1948.33
-2.356194	1.417623	-0.202254	75	12	67	1947.97
-3.141593	1.433411	-1.035986	12	67	6	1947.94
-2.094395	1.301460	-0.509251	72	12	68	1947.43
-2.356194	1.195355	1.200319	70	8	68	1947.34
0.785398	1.824694	1.850876	68	74	62	1947.33
1.832596	0.496451	0.593859	4	18	3	1947.17
1.308997	0.914445	2.687814	16	6	71	1947.05
0.000000	1.982574	-1.115518	2	4	62	1947.00
2.094395	0.297065	2.160177	69	77	61	1946.88
0.261799	2.455966	-0.641220	7	70	14	1946.88
-0.785398	1.836682	-0.676006	68	8	68	1946.67
0.785398	2.407836	1.410646	73	70	12	1946.58
-1.308997	0.418037	1.360082	79	6	60	1946.39
-1.308997	2.115563	0.685730	76	9	65	1946.25
-1.570796	1.732874	-0.951685	75	16	72	1946.25
0.785398	1.554776	0.100351	65	70	71	1946.10
-0.785398	2.478122	2.609777	64	10	4	1946.09
2.617994	0.418037	1.360082	3	5	60	1946.03
-1.047198	1.014500	0.906702	8	74	11	1945.80
-1.047198	2.379497	0.561089	9	1	65	1945.74
1.308997	1.555207	1.708892	77	8	62	1945.74
2.879793	0.831641	0.616218	71	73	61	1945.72
-0.261799	0.864993	2.278281	79	15	65	1945.71
-1.832596	2.115563	0.685730	9	9	66	1945.36
-0.261799	1.374601	-2.456031	78	79	61	1945.14
2.094395	1.766067	2.153843	7	66	6	1944.28
1.047198	2.251330	-2.330739	9	68	5	1944.25
-2.356194	1.721184	-0.153948	67	0	65	1943.84
-1.832596	0.850607	-1.335383	7	66	9	1943.53
-1.570796	1.391910	3.030322	68	72	63	1943.10
-2.617994	2.456751	-1.503343	2	70	14	1942.83
-0.785398	0.733948	3.021411	73	65	5	1942.72
-3.141593	0.297065	2.160177	9	74	12	1942.69
1.047198	2.455966	-0.641220	3	6	63	1942.67
-2.356194	0.866955	-0.931351	65	11	77	1942.65
2.094395	2.579248	-2.364801	67	70	67	1942.57
1.308997	1.699788	2.452890	5	72	12	1942.33
1.047198	1.367556	0.358405	74	6	60	1942.32
1.570796	0.290380	-0.796960	18	6	73	1942.07
-3.141593	2.063651	-2.044600	12	66	3	1941.87
2.617994	0.640596	-2.797608	79	8	60	1941.81
-2.879793	1.569311	-3.003978	68	75	61	1941.43
2.879793	1.242974	-2.977882	66	13	76	1941.43
2.356194	1.310100	1.488307	5	69	11	1941.38
-1.047198	2.104282	-0.813972	63	70	70	1941.38
-3.141593	2.579248	-2.364801	66	64	75	1941.07
-1.570796	0.591903	2.010408	73	65	78	1940.92
1.308997	0.458961	-0.107937	68	79	61	1940.61
1.570796	2.719179	-1.780644	60	5	76	1940.55
1.308997	2.704512	1.488683	72	72	64	1940.53
-0.261799	1.904882	-1.478089	12	72	11	1940.35
1.570796	0.370812	-2.547742	70	4	61	1940.09
1.047198	0.914445	2.687814	1	6	59	1939.62
-0.785398	2.089241	-0.114193	69	17	0	1939.20
2.617994	0.929350	-2.910676	78	5	59	1939.04
2.356194	0.458961	-0.107937	7	17	0	1938.95
-2.879793	1.545873	-1.877082	77	1	61	1938.94
-2.094395	1.909857	-0.381669	74	79	61	1938.87
-1.308997	0.619654	-2.216909	14	67	2	1938.64
-2.617994	2.588535	-2.976617	72	0	60	1938.60
-0.523599	2.138223	1.678323	0	9	63	1938.48
-1.047198	1.569311	-3.003978	0	1	58	1938.37
1.832596	1.809167	1.213774	78	14	69	1938.33
1.308997	1.904882	-1.478089	7	70	9	1938.30
0.261799	1.488617	1.159546	69	71	67	1938.28
0.261799	1.846342	-1.796954	17	72	1	1938.20
-2.356194	2.760637	2.781135	0	15	69	1938.20
2.094395	0.929350	-2.910676	6	77	15	1938.02
1.308997	1.247695	1.809890	62	9	0	1937.86
-2.879793	2.637879	2.121598	72	74	64	1937.80
-0.523599	2.356369	3.005869	76	6	58	1937.79
0.785398	1.242974	-2.977882	0	68	9	1937.77
-1.832596	2.393226	1.857173	6	3	63	1937.68
0.261799	1.766067	2.153843	65	69	65	1937.24
0.000000	2.295480	1.008277	73	8	65	1937.13
-3.141593	0.899350	-2.069907	62	6	66	1937.12
-3.141593	1.870545	-2.976234	6	68	11	1937.01
2.879793	1.301460	-0.509251	17	79	73	1936.76
-3.141593	1.504028	0.636812	68	1	63	1936.74
1.047198	1.045978	0.343692	76	6	60	1936.65
1.047198	2.089241	-0.114193	68	77	64	1936.63
-2.879793	0.850607	-1.335383	5	2	15	1936.61
2.356194	1.909857	-0.381669	78	9	65	1936.41
0.523599	2.863997	0.549740	7	63	5	1936.33
-1.832596	0.496451	0.593859	7	78	61	1936.20
1.570796	0.203748	0.590255	2	14	65	1936.09
-1.570796	2.456751	-1.503343	2	4	64	1936.02
1.570796	2.704512	1.488683	64	79	67	1935.92
-0.523599	2.592629	0.909713	75	11	67	1935.70
0.785398	1.510910	-0.740472	11	70	8	1935.23
-3.141593	0.419640	2.974122	5	1	60	1935.17
0.000000	1.721184	-0.153948	72	10	63	1935.17
1.570796	1.433411	-1.035986	79	1	60	1935.15
1.047198	2.579248	-2.364801	5	12	15	1935.11
0.523599	1.574060	2.783565	79	2	58	1934.99
-1.570796	1.325504	-1.671296	70	15	76	1934.95
0.523599	2.299159	2.264663	15	12	79	1934.65
-0.261799	0.615174	-0.666022	78	3	60	1934.54
2.879793	2.637879	2.121598	1	0	60	1934.45
-2.094395	0.571433	-1.188419	8	65	7	1934.20
-1.832596	1.045978	0.343692	72	67	5	1934.18
-0.785398	1.413430	2.550734	74	6	59	1934.17
-2.617994	2.478122	2.609777	7	69	12	1934.13
-0.785398	0.418037	1.360082	78	6	60	1934.01
1.570796	2.247462	0.191623	9	69	12	1933.85
-2.356194	2.001437	0.381215	63	7	73	1933.60
-2.094395	2.637879	2.121598	7	67	11	1933.39
0.261799	2.760637	2.781135	14	6	71	1933.07
-0.785398	0.906588	1.252948	69	3	61	1932.98
-2.356194	1.756530	-2.105156	3	65	66	1932.67
-1.832596	1.658653	-2.409879	3	67	11	1932.55
-2.617994	2.396274	-1.959260	4	68	12	1932.51
-1.047198	2.704512	1.488683	12	79	68	1932.44
1.570796	0.762244	-0.273349	68	4	62	1931.97
1.570796	0.591903	2.010408	5	78	16	1931.95
0.261799	2.174483	2.653697	68	66	77	1931.89
2.617994	1.846342	-1.796954	68	76	63	1931.72
-1.832596	2.760637	2.781135	75	8	61	1931.58
0.523599	0.080730	-2.622036	67	2	62	1931.33
-2.094395	1.504028	0.636812	6	12	66	1931.29
2.617994	2.356369	3.005869	8	76	16	1931.12
-2.094395	0.733948	3.021411	8	71	9	1931.06
-2.617994	1.756530	-2.105156	63	74	63	1931.03
0.523599	1.662363	0.915448	70	18	73	1930.79
2.356194	0.899350	-2.069907	16	1	72	1930.74
-2.879793	0.370812	-2.547742	1	5	59	1930.41
0.261799	2.704512	1.488683	76	10	66	1930.21
0.000000	1.440580	2.260026	4	76	15	1929.78
-1.047198	1.367556	0.358405	72	78	63	1929.64
-3.141593	2.180315	-1.357379	16	2	75	1929.58
1.570796	1.413347	-1.339188	64	12	72	1929.16
1.832596	1.242974	-2.977882	70	64	77	1929.04
1.308997	1.440580	2.260026	2	76	60	1928.79
-1.308997	1.683268	0.374177	5	77	61	1928.52
0.261799	0.685216	-1.712745	2	7	60	1928.41
1.047198	2.407836	1.410646	7	74	14	1928.38
-2.356194	0.615174	-0.666022	64	10	79	1928.15
0.000000	0.640596	-2.797608	67	73	65	1927.94
-2.356194	1.741644	-2.695914	8	5	16	1927.83
0.000000	0.418037	1.360082	77	66	9	1927.49
-1.308997	1.809167	1.213774	74	78	63	1927.42
-1.570796	1.433411	-1.035986	71	14	73	1927.16
1.308997	2.356369	3.005869	6	3	17	1926.50
0.261799	0.619654	-2.216909	79	6	60	1926.45
-2.617994	1.168678	2.108595	0	10	62	1926.43
2.617994	0.290380	-0.796960	77	4	60	1926.38
0.785398	2.349581	-2.702517	1	12	61	1926.18
1.832596	2.704512	1.488683	8	69	12	1926.16
-0.261799	2.356369	3.005869	75	6	58	1925.87
-1.047198	2.299159	2.264663	63	6	2	1925.55
-1.047198	2.587733	0.232235	67	64	1	1925.46
-0.523599	1.135834	-1.431087	75	67	10	1925.31
-0.785398	1.574060	2.783565	65	13	74	1925.21
-1.047198	1.574060	2.783565	77	6	58	1924.85
0.000000	2.984978	1.954446	72	5	62	1924.62
-1.047198	1.301460	-0.509251	74	12	63	1924.57
-2.356194	1.824694	1.850876	6	0	61	1924.39
-0.261799	0.297065	2.160177	5	9	14	1924.21
-3.141593	1.569311	-3.003978	65	10	74	1924.13
2.617994	1.766067	2.153843	0	0	60	1923.99
-0.261799	2.579248	-2.364801	6	12	14	1923.97
1.047198	0.418037	1.360082	4	66	9	1923.88
1.570796	0.615174	-0.666022	1	3	60	1923.49
1.832596	2.760637	2.781135	79	78	60	1923.34
-2.356194	1.658653	-2.409879	8	79	62	1923.26
1.570796	1.168678	2.108595	66	2	62	1922.88
2.356194	2.343981	-1.040456	7	63	75	1922.84
0.000000	1.699788	2.452890	75	2	59	1922.84
-2.617994	1.721184	-0.153948	68	1	64	1922.62
0.523599	1.721184	-0.153948	71	73	65	1922.46
-2.094395	0.419640	2.974122	76	5	59	1922.43
-1.047198	0.831641	0.616218	10	70	6	1922.31
-2.094395	0.864993	2.278281	65	4	64	1921.93
-0.523599	2.760637	2.781135	0	68	12	1921.80
2.094395	1.617114	-1.572037	0	2	61	1921.69
1.308997	0.733948	3.021411	18	9	74	1921.69
-0.261799	1.555207	1.708892	7	69	8	1921.57
0.000000	0.685216	-1.712745	70	1	60	1921.19
1.570796	2.164094	-2.991358	3	1	18	1920.94
0.523599	0.496451	0.593859	66	2	62	1920.90
-1.570796	1.448123	-2.163292	76	3	61	1920.73
-3.141593	2.407836	1.410646	68	76	65	1920.73
0.261799	1.741644	-2.695914	0	79	58	1920.53
-0.523599	1.606104	-0.451151	67	6	66	1920.51
2.094395	1.025536	1.576859	18	5	75	1920.39
-0.785398	0.618092	2.539118	60	5	70	1920.20
1.047198	1.662363	0.915448	79	72	64	1919.97
-1.570796	0.203748	0.590255	68	12	6	1919.96
2.617994	2.637879	2.121598	1	79	60	1919.80
-1.047198	1.214854	-1.966664	69	77	62	1919.76
0.785398	2.251330	-2.330739	7	69	6	1919.52
0.785398	1.732874	-0.951685	67	16	79	1919.30
-2.879793	0.615174	-0.666022	4	64	8	1919.11
-0.261799	1.391910	3.030322	2	78	15	1919.11
2.094395	2.704512	1.488683	62	3	71	1919.07
1.832596	1.247695	1.809890	78	10	16	1918.86
1.832596	1.510910	-0.740472	68	66	5	1918.48
1.570796	0.418037	1.360082	6	18	79	1918.39
2.617994	1.168678	2.108595	63	6	8	1918.36
-3.141593	1.732874	-0.951685	68	77	64	1917.71
1.047198	1.506530	1.988858	3	2	17	1917.66
-1.832596	2.247462	0.191623	7	4	65	1917.63
-2.356194	1.413347	-1.339188	70	79	63	1917.62
-0.785398	1.658653	-2.409879	2	10	63	1917.56
2.094395	0.866395	-2.492918	73	20	73	1917.49
-2.617994	2.299159	2.264663	3	65	9	1917.27
-2.094395	1.310100	1.488307	3	5	61	1917.12
-2.617994	0.290380	-0.796960	63	5	2	1916.89
-3.141593	2.760637	2.781135	77	78	60	1916.88
0.785398	1.977582	0.969896	75	67	68	1916.55
